<?xml version="1.0" encoding="UTF-8"?><testsuite name="circle.backend.action.test-deployment" errors="3" tests="8" failures="0" elapsed="50.312999999999995"><testcase name="dont-deploy-when-the-build-is-not-green" time="2.142"></testcase><testcase name="heroku-credentials-action-works" time="9.893"></testcase><testcase name="deploy-when-the-build-is-green" time="2.609"></testcase><testcase name="full-deploy-to-heroku-with-new-syntax" time="13.939"><error type="class java.lang.Exception" message="I was expecting steps">java.lang.Exception: I was expecting steps
	at circle.backend.action.test_deployment$check_deployment_sources.invoke(test_deployment.clj:32)
	at circle.backend.action.test_deployment$eval55975$fn__56051$fn__56057$fn__56060$fn__56061.invoke(test_deployment.clj:185)
	at clojure.core$with_redefs_fn.invoke(core.clj:6751)
	at circle.backend.action.test_deployment$eval55975$fn__56051$fn__56057$fn__56060.invoke(test_deployment.clj:178)
	at circle.test.util.thread$block_futures_STAR_$fn__54027.invoke(thread.clj:66)
	at clojure.core$with_redefs_fn.invoke(core.clj:6751)
	at circle.test.util.thread$block_futures_STAR_.invoke(thread.clj:61)
	at circle.backend.action.test_deployment$eval55975$fn__56051$fn__56057.invoke(test_deployment.clj:177)
	at clojure.core$with_redefs_fn.invoke(core.clj:6751)
	at circle.backend.action.test_deployment$eval55975$fn__56051.invoke(test_deployment.clj:177)
	at clojure.test$test_STAR_.invoke(monkey_patch_clojure_test.clj:19)
	at clojure.test$test_var$fn__9860.invoke(monkey_patch_clojure_test.clj:31)
	at circle.test_utils$thunk.invoke(test_utils.clj:1087)
	at clojure.lang.Var.invoke(Var.java:415)
	at circle.test_utils$with_finally$fn__55187$fn__55188.invoke(test_utils.clj:926)
	at circle.test_utils$with_finally$fn__55187$fn__55188.invoke(test_utils.clj:926)
	at circle.test_utils$with_finally$fn__55187$fn__55188.invoke(test_utils.clj:926)
	at circle.test_utils$with_finally$fn__55187$fn__55188.invoke(test_utils.clj:926)
	at circle.test_utils$with_finally$fn__55187$fn__55188.invoke(test_utils.clj:926)
	at circle.test_utils$with_block_futures_middleware$fn__55210$fn__55211.invoke(test_utils.clj:991)
	at circle.test.util.thread$block_futures_STAR_$fn__54027.invoke(thread.clj:66)
	at clojure.core$with_redefs_fn.invoke(core.clj:6751)
	at circle.test.util.thread$block_futures_STAR_.invoke(thread.clj:61)
	at circle.test_utils$with_block_futures_middleware$fn__55210.invoke(test_utils.clj:990)
	at circle.test_utils$with_block_agents_middleware$fn__55205$fn__55206.invoke(test_utils.clj:986)
	at circle.test.util.thread$with_block_agents_STAR_.invoke(thread.clj:35)
	at circle.test_utils$with_block_agents_middleware$fn__55205.invoke(test_utils.clj:986)
	at circle.test_utils$with_query_instrumentation_middleware$fn__55215$fn__55216.invoke(test_utils.clj:995)
	at circle.util.mongo$with_enable_query_instrumentation_BANG__STAR_.invoke(mongo.clj:154)
	at circle.test_utils$with_query_instrumentation_middleware$fn__55215.invoke(test_utils.clj:995)
	at circle.test_utils$with_assert_no_shutdown_watch$fn__55011.invoke(test_utils.clj:807)
	at circle.test_utils$with_finally$fn__55187$fn__55188.invoke(test_utils.clj:926)
	at circle.test_utils$with_finally$fn__55187$fn__55188.invoke(test_utils.clj:926)
	at circle.test_utils$with_finally$fn__55187$fn__55188.invoke(test_utils.clj:926)
	at circle.test_utils$with_before$fn__55182$fn__55183.invoke(test_utils.clj:918)
	at circle.test_utils$with_before$fn__55182$fn__55183.invoke(test_utils.clj:918)
	at circle.test_utils$with_finally$fn__55187$fn__55188.invoke(test_utils.clj:926)
	at circle.test_utils$with_delete_keys$fn__55192.invoke(test_utils.clj:955)
	at circle.test_utils$with_save_dir$fn__55035$fn__55036.invoke(test_utils.clj:855)
	at circle.test_utils$with_save_file$fn__55030$fn__55031.invoke(test_utils.clj:837)
	at circle.test_utils$with_git_ttl_cache$fn__54993$fn__54994.invoke(test_utils.clj:788)
	at clojure.core$with_redefs_fn.invoke(core.clj:6751)
	at circle.test_utils$with_git_ttl_cache$fn__54993.invoke(test_utils.clj:787)
	at circle.test_utils$with_disable$fn__55197$fn__55198$fn__55199.invoke(test_utils.clj:966)
	at clojure.core$with_redefs_fn.invoke(core.clj:6751)
	at circle.test_utils$with_disable$fn__55197$fn__55198.invoke(test_utils.clj:966)
	at circle.test_utils$with_disable$fn__55197$fn__55198$fn__55199.invoke(test_utils.clj:966)
	at clojure.core$with_redefs_fn.invoke(core.clj:6751)
	at circle.test_utils$with_disable$fn__55197$fn__55198.invoke(test_utils.clj:966)
	at circle.test_utils$with_disable$fn__55197$fn__55198$fn__55199.invoke(test_utils.clj:966)
	at clojure.core$with_redefs_fn.invoke(core.clj:6751)
	at circle.test_utils$with_disable$fn__55197$fn__55198.invoke(test_utils.clj:966)
	at circle.test_utils$with_disable$fn__55197$fn__55198$fn__55199.invoke(test_utils.clj:966)
	at clojure.core$with_redefs_fn.invoke(core.clj:6751)
	at circle.test_utils$with_disable$fn__55197$fn__55198.invoke(test_utils.clj:966)
	at circle.test_utils$with_authentic_pushes$fn__55001$fn__55002.invoke(test_utils.clj:797)
	at clojure.core$with_redefs_fn.invoke(core.clj:6751)
	at circle.test_utils$with_authentic_pushes$fn__55001.invoke(test_utils.clj:796)
	at circle.test_utils$with_disable$fn__55197$fn__55198$fn__55199.invoke(test_utils.clj:966)
	at clojure.core$with_redefs_fn.invoke(core.clj:6751)
	at circle.test_utils$with_disable$fn__55197$fn__55198.invoke(test_utils.clj:966)
	at circle.test_utils$with_disable$fn__55197$fn__55198$fn__55199.invoke(test_utils.clj:966)
	at clojure.core$with_redefs_fn.invoke(core.clj:6751)
	at circle.test_utils$with_disable$fn__55197$fn__55198.invoke(test_utils.clj:966)
	at circle.test_utils$with_disable$fn__55197$fn__55198$fn__55199.invoke(test_utils.clj:966)
	at clojure.core$with_redefs_fn.invoke(core.clj:6751)
	at circle.test_utils$with_disable$fn__55197$fn__55198.invoke(test_utils.clj:966)
	at circle.test_utils$with_disable$fn__55197$fn__55198$fn__55199.invoke(test_utils.clj:966)
	at clojure.core$with_redefs_fn.invoke(core.clj:6751)
	at circle.test_utils$with_disable$fn__55197$fn__55198.invoke(test_utils.clj:966)
	at circle.test_utils$with_disable$fn__55197$fn__55198$fn__55199.invoke(test_utils.clj:966)
	at clojure.core$with_redefs_fn.invoke(core.clj:6751)
	at circle.test_utils$with_disable$fn__55197$fn__55198.invoke(test_utils.clj:966)
	at circle.test_utils$with_disable$fn__55197$fn__55198$fn__55199.invoke(test_utils.clj:966)
	at clojure.core$with_redefs_fn.invoke(core.clj:6751)
	at circle.test_utils$with_disable$fn__55197$fn__55198.invoke(test_utils.clj:966)
	at circle.test_utils$with_disable$fn__55197$fn__55198$fn__55199.invoke(test_utils.clj:966)
	at clojure.core$with_redefs_fn.invoke(core.clj:6751)
	at circle.test_utils$with_disable$fn__55197$fn__55198.invoke(test_utils.clj:966)
	at circle.test_utils$with_disable$fn__55197$fn__55198$fn__55199.invoke(test_utils.clj:966)
	at clojure.core$with_redefs_fn.invoke(core.clj:6751)
	at circle.test_utils$with_disable$fn__55197$fn__55198.invoke(test_utils.clj:966)
	at circle.test_utils$with_finally$fn__55187$fn__55188.invoke(test_utils.clj:926)
	at circle.test_utils$with_enable_notablescan$fn__55220.invoke(test_utils.clj:1005)
	at circle.test_utils$with_before$fn__55182$fn__55183.invoke(test_utils.clj:918)
	at circle.test_utils$with_disable$fn__55197$fn__55198$fn__55199.invoke(test_utils.clj:966)
	at clojure.core$with_redefs_fn.invoke(core.clj:6751)
	at circle.test_utils$with_disable$fn__55197$fn__55198.invoke(test_utils.clj:966)
	at circle.test_utils$with_disable$fn__55197$fn__55198$fn__55199.invoke(test_utils.clj:966)
	at clojure.core$with_redefs_fn.invoke(core.clj:6751)
	at circle.test_utils$with_disable$fn__55197$fn__55198.invoke(test_utils.clj:966)
	at circle.test_utils$with_assert_expected_airbrakes$fn__54986.invoke(test_utils.clj:781)
	at circle.datomic$with_clear_test_db$fn__43699.invoke(datomic.clj:55)
	at circle.test_utils$with_before$fn__55182$fn__55183.invoke(test_utils.clj:918)
	at circle.test_utils$with_test_db_middle$fn__54888$fn__54889.invoke(test_utils.clj:644)
	at clojure.core$with_redefs_fn.invoke(core.clj:6751)
	at circle.test_utils$with_test_db_middle$fn__54888.invoke(test_utils.clj:643)
	at circle.test_utils$with_disable_schejulure$fn__55014$fn__55015.invoke(test_utils.clj:814)
	at clojure.core$with_redefs_fn.invoke(core.clj:6751)
	at circle.test_utils$with_disable_schejulure$fn__55014.invoke(test_utils.clj:813)
	at circle.test_utils$with_log_form$fn__54944.invoke(test_utils.clj:708)
	at circle.test_utils$with_testing$fn__55177$fn__55178.invoke(test_utils.clj:910)
	at clojure.core$with_redefs_fn.invoke(core.clj:6751)
	at circle.test_utils$with_testing$fn__55177.invoke(test_utils.clj:909)
	at clojure.test$compose_fixtures$fn__7139$fn__7140.invoke(test.clj:678)
	at clojure.test$default_fixture.invoke(test.clj:671)
	at clojure.test$compose_fixtures$fn__7139.invoke(test.clj:678)
	at clojure.test$test_var.invoke(monkey_patch_clojure_test.clj:31)
	at user$eval9959$test_var_with_selector__9976.invoke(NO_SOURCE_FILE:1)
	at clojure.lang.AFn.applyToHelper(AFn.java:163)
	at clojure.lang.AFn.applyTo(AFn.java:151)
	at clojure.core$apply.invoke(core.clj:619)
	at leiningen.core.injected$compose_hooks$fn__9891.doInvoke(NO_SOURCE_FILE:1)
	at clojure.lang.RestFn.applyTo(RestFn.java:137)
	at clojure.core$apply.invoke(core.clj:617)
	at leiningen.core.injected$run_hooks.invoke(NO_SOURCE_FILE:1)
	at leiningen.core.injected$prepare_for_hooks$fn__9896$fn__9897.doInvoke(NO_SOURCE_FILE:1)
	at clojure.lang.RestFn.applyTo(RestFn.java:137)
	at clojure.lang.AFunction$1.doInvoke(AFunction.java:29)
	at clojure.lang.RestFn.invoke(RestFn.java:408)
	at clojure.test$test_all_vars$fn__9863.invoke(monkey_patch_clojure_test.clj:52)
	at clojure.test$default_fixture.invoke(test.clj:671)
	at clojure.test$test_all_vars.invoke(monkey_patch_clojure_test.clj:48)
	at clojure.test$test_ns.invoke(test.clj:736)
	at clojure.core$map$fn__4207.invoke(core.clj:2487)
	at clojure.lang.LazySeq.sval(LazySeq.java:42)
	at clojure.lang.LazySeq.seq(LazySeq.java:60)
	at clojure.lang.Cons.next(Cons.java:39)
	at clojure.lang.RT.next(RT.java:598)
	at clojure.core$next.invoke(core.clj:64)
	at clojure.core$reduce1.invoke(core.clj:896)
	at clojure.core$reduce1.invoke(core.clj:887)
	at clojure.core$merge_with.doInvoke(core.clj:2702)
	at clojure.lang.RestFn.applyTo(RestFn.java:139)
	at clojure.core$apply.invoke(core.clj:619)
	at clojure.core.contracts.constraints$apply_contract$fn__1103.doInvoke(constraints.clj:175)
	at clojure.lang.RestFn.applyTo(RestFn.java:137)
	at clojure.lang.AFunction$1.doInvoke(AFunction.java:29)
	at clojure.lang.RestFn.applyTo(RestFn.java:137)
	at clojure.core$apply.invoke(core.clj:619)
	at clojure.core.contracts.constraints$eval1109$fn__1110$fn__1111.doInvoke(constraints.clj:183)
	at clojure.lang.RestFn.applyTo(RestFn.java:139)
	at clojure.core$apply.invoke(core.clj:619)
	at clojure.test$run_tests.doInvoke(test.clj:751)
	at clojure.lang.RestFn.applyTo(RestFn.java:137)
	at clojure.core$apply.invoke(core.clj:617)
	at user$eval9959$fn__10044.invoke(NO_SOURCE_FILE:1)
	at user$eval9959.invoke(NO_SOURCE_FILE:1)
	at clojure.lang.Compiler.eval(Compiler.java:6619)
	at clojure.lang.Compiler.eval(Compiler.java:6609)
	at clojure.lang.Compiler.eval(Compiler.java:6582)
	at clojure.core$eval.invoke(core.clj:2852)
	at clojure.main$eval_opt.invoke(main.clj:308)
	at clojure.main$initialize.invoke(main.clj:327)
	at clojure.main$null_opt.invoke(main.clj:362)
	at clojure.main$main.doInvoke(main.clj:440)
	at clojure.lang.RestFn.invoke(RestFn.java:421)
	at clojure.lang.Var.invoke(Var.java:419)
	at clojure.lang.AFn.applyToHelper(AFn.java:163)
	at clojure.lang.Var.applyTo(Var.java:532)
	at clojure.main.main(main.java:37)
</error></testcase><testcase name="regex-match-branch-works" time="0.13"></testcase><testcase name="full-deploy-to-heroku-works" time="12.903"><failure type="class java.lang.Exception" message="I was expecting steps">java.lang.Exception: I was expecting steps
	at circle.backend.action.test_deployment$check_deployment_sources.invoke(test_deployment.clj:32)
	at circle.backend.action.test_deployment$eval55975$fn__55976$fn__55982$fn__55985$fn__55986.invoke(test_deployment.clj:129)
	at clojure.core$with_redefs_fn.invoke(core.clj:6751)
	at circle.backend.action.test_deployment$eval55975$fn__55976$fn__55982$fn__55985.invoke(test_deployment.clj:122)
	at circle.test.util.thread$block_futures_STAR_$fn__54027.invoke(thread.clj:66)
	at clojure.core$with_redefs_fn.invoke(core.clj:6751)
	at circle.test.util.thread$block_futures_STAR_.invoke(thread.clj:61)
	at circle.backend.action.test_deployment$eval55975$fn__55976$fn__55982.invoke(test_deployment.clj:121)
	at clojure.core$with_redefs_fn.invoke(core.clj:6751)
	at circle.backend.action.test_deployment$eval55975$fn__55976.invoke(test_deployment.clj:121)
	at clojure.test$test_STAR_.invoke(monkey_patch_clojure_test.clj:19)
	at clojure.test$test_var$fn__9860.invoke(monkey_patch_clojure_test.clj:31)
	at circle.test_utils$thunk.invoke(test_utils.clj:1087)
	at clojure.lang.Var.invoke(Var.java:415)
	at circle.test_utils$with_finally$fn__55187$fn__55188.invoke(test_utils.clj:926)
	at circle.test_utils$with_finally$fn__55187$fn__55188.invoke(test_utils.clj:926)
	at circle.test_utils$with_finally$fn__55187$fn__55188.invoke(test_utils.clj:926)
	at circle.test_utils$with_finally$fn__55187$fn__55188.invoke(test_utils.clj:926)
	at circle.test_utils$with_finally$fn__55187$fn__55188.invoke(test_utils.clj:926)
	at circle.test_utils$with_block_futures_middleware$fn__55210$fn__55211.invoke(test_utils.clj:991)
	at circle.test.util.thread$block_futures_STAR_$fn__54027.invoke(thread.clj:66)
	at clojure.core$with_redefs_fn.invoke(core.clj:6751)
	at circle.test.util.thread$block_futures_STAR_.invoke(thread.clj:61)
	at circle.test_utils$with_block_futures_middleware$fn__55210.invoke(test_utils.clj:990)
	at circle.test_utils$with_block_agents_middleware$fn__55205$fn__55206.invoke(test_utils.clj:986)
	at circle.test.util.thread$with_block_agents_STAR_.invoke(thread.clj:35)
	at circle.test_utils$with_block_agents_middleware$fn__55205.invoke(test_utils.clj:986)
	at circle.test_utils$with_query_instrumentation_middleware$fn__55215$fn__55216.invoke(test_utils.clj:995)
	at circle.util.mongo$with_enable_query_instrumentation_BANG__STAR_.invoke(mongo.clj:154)
	at circle.test_utils$with_query_instrumentation_middleware$fn__55215.invoke(test_utils.clj:995)
	at circle.test_utils$with_assert_no_shutdown_watch$fn__55011.invoke(test_utils.clj:807)
	at circle.test_utils$with_finally$fn__55187$fn__55188.invoke(test_utils.clj:926)
	at circle.test_utils$with_finally$fn__55187$fn__55188.invoke(test_utils.clj:926)
	at circle.test_utils$with_finally$fn__55187$fn__55188.invoke(test_utils.clj:926)
	at circle.test_utils$with_before$fn__55182$fn__55183.invoke(test_utils.clj:918)
	at circle.test_utils$with_before$fn__55182$fn__55183.invoke(test_utils.clj:918)
	at circle.test_utils$with_finally$fn__55187$fn__55188.invoke(test_utils.clj:926)
	at circle.test_utils$with_delete_keys$fn__55192.invoke(test_utils.clj:955)
	at circle.test_utils$with_save_dir$fn__55035$fn__55036.invoke(test_utils.clj:855)
	at circle.test_utils$with_save_file$fn__55030$fn__55031.invoke(test_utils.clj:837)
	at circle.test_utils$with_git_ttl_cache$fn__54993$fn__54994.invoke(test_utils.clj:788)
	at clojure.core$with_redefs_fn.invoke(core.clj:6751)
	at circle.test_utils$with_git_ttl_cache$fn__54993.invoke(test_utils.clj:787)
	at circle.test_utils$with_disable$fn__55197$fn__55198$fn__55199.invoke(test_utils.clj:966)
	at clojure.core$with_redefs_fn.invoke(core.clj:6751)
	at circle.test_utils$with_disable$fn__55197$fn__55198.invoke(test_utils.clj:966)
	at circle.test_utils$with_disable$fn__55197$fn__55198$fn__55199.invoke(test_utils.clj:966)
	at clojure.core$with_redefs_fn.invoke(core.clj:6751)
	at circle.test_utils$with_disable$fn__55197$fn__55198.invoke(test_utils.clj:966)
	at circle.test_utils$with_disable$fn__55197$fn__55198$fn__55199.invoke(test_utils.clj:966)
	at clojure.core$with_redefs_fn.invoke(core.clj:6751)
	at circle.test_utils$with_disable$fn__55197$fn__55198.invoke(test_utils.clj:966)
	at circle.test_utils$with_disable$fn__55197$fn__55198$fn__55199.invoke(test_utils.clj:966)
	at clojure.core$with_redefs_fn.invoke(core.clj:6751)
	at circle.test_utils$with_disable$fn__55197$fn__55198.invoke(test_utils.clj:966)
	at circle.test_utils$with_authentic_pushes$fn__55001$fn__55002.invoke(test_utils.clj:797)
	at clojure.core$with_redefs_fn.invoke(core.clj:6751)
	at circle.test_utils$with_authentic_pushes$fn__55001.invoke(test_utils.clj:796)
	at circle.test_utils$with_disable$fn__55197$fn__55198$fn__55199.invoke(test_utils.clj:966)
	at clojure.core$with_redefs_fn.invoke(core.clj:6751)
	at circle.test_utils$with_disable$fn__55197$fn__55198.invoke(test_utils.clj:966)
	at circle.test_utils$with_disable$fn__55197$fn__55198$fn__55199.invoke(test_utils.clj:966)
	at clojure.core$with_redefs_fn.invoke(core.clj:6751)
	at circle.test_utils$with_disable$fn__55197$fn__55198.invoke(test_utils.clj:966)
	at circle.test_utils$with_disable$fn__55197$fn__55198$fn__55199.invoke(test_utils.clj:966)
	at clojure.core$with_redefs_fn.invoke(core.clj:6751)
	at circle.test_utils$with_disable$fn__55197$fn__55198.invoke(test_utils.clj:966)
	at circle.test_utils$with_disable$fn__55197$fn__55198$fn__55199.invoke(test_utils.clj:966)
	at clojure.core$with_redefs_fn.invoke(core.clj:6751)
	at circle.test_utils$with_disable$fn__55197$fn__55198.invoke(test_utils.clj:966)
	at circle.test_utils$with_disable$fn__55197$fn__55198$fn__55199.invoke(test_utils.clj:966)
	at clojure.core$with_redefs_fn.invoke(core.clj:6751)
	at circle.test_utils$with_disable$fn__55197$fn__55198.invoke(test_utils.clj:966)
	at circle.test_utils$with_disable$fn__55197$fn__55198$fn__55199.invoke(test_utils.clj:966)
	at clojure.core$with_redefs_fn.invoke(core.clj:6751)
	at circle.test_utils$with_disable$fn__55197$fn__55198.invoke(test_utils.clj:966)
	at circle.test_utils$with_disable$fn__55197$fn__55198$fn__55199.invoke(test_utils.clj:966)
	at clojure.core$with_redefs_fn.invoke(core.clj:6751)
	at circle.test_utils$with_disable$fn__55197$fn__55198.invoke(test_utils.clj:966)
	at circle.test_utils$with_disable$fn__55197$fn__55198$fn__55199.invoke(test_utils.clj:966)
	at clojure.core$with_redefs_fn.invoke(core.clj:6751)
	at circle.test_utils$with_disable$fn__55197$fn__55198.invoke(test_utils.clj:966)
	at circle.test_utils$with_finally$fn__55187$fn__55188.invoke(test_utils.clj:926)
	at circle.test_utils$with_enable_notablescan$fn__55220.invoke(test_utils.clj:1005)
	at circle.test_utils$with_before$fn__55182$fn__55183.invoke(test_utils.clj:918)
	at circle.test_utils$with_disable$fn__55197$fn__55198$fn__55199.invoke(test_utils.clj:966)
	at clojure.core$with_redefs_fn.invoke(core.clj:6751)
	at circle.test_utils$with_disable$fn__55197$fn__55198.invoke(test_utils.clj:966)
	at circle.test_utils$with_disable$fn__55197$fn__55198$fn__55199.invoke(test_utils.clj:966)
	at clojure.core$with_redefs_fn.invoke(core.clj:6751)
	at circle.test_utils$with_disable$fn__55197$fn__55198.invoke(test_utils.clj:966)
	at circle.test_utils$with_assert_expected_airbrakes$fn__54986.invoke(test_utils.clj:781)
	at circle.datomic$with_clear_test_db$fn__43699.invoke(datomic.clj:55)
	at circle.test_utils$with_before$fn__55182$fn__55183.invoke(test_utils.clj:918)
	at circle.test_utils$with_test_db_middle$fn__54888$fn__54889.invoke(test_utils.clj:644)
	at clojure.core$with_redefs_fn.invoke(core.clj:6751)
	at circle.test_utils$with_test_db_middle$fn__54888.invoke(test_utils.clj:643)
	at circle.test_utils$with_disable_schejulure$fn__55014$fn__55015.invoke(test_utils.clj:814)
	at clojure.core$with_redefs_fn.invoke(core.clj:6751)
	at circle.test_utils$with_disable_schejulure$fn__55014.invoke(test_utils.clj:813)
	at circle.test_utils$with_log_form$fn__54944.invoke(test_utils.clj:708)
	at circle.test_utils$with_testing$fn__55177$fn__55178.invoke(test_utils.clj:910)
	at clojure.core$with_redefs_fn.invoke(core.clj:6751)
	at circle.test_utils$with_testing$fn__55177.invoke(test_utils.clj:909)
	at clojure.test$compose_fixtures$fn__7139$fn__7140.invoke(test.clj:678)
	at clojure.test$default_fixture.invoke(test.clj:671)
	at clojure.test$compose_fixtures$fn__7139.invoke(test.clj:678)
	at clojure.test$test_var.invoke(monkey_patch_clojure_test.clj:31)
	at user$eval9959$test_var_with_selector__9976.invoke(NO_SOURCE_FILE:1)
	at clojure.lang.AFn.applyToHelper(AFn.java:163)
	at clojure.lang.AFn.applyTo(AFn.java:151)
	at clojure.core$apply.invoke(core.clj:619)
	at leiningen.core.injected$compose_hooks$fn__9891.doInvoke(NO_SOURCE_FILE:1)
	at clojure.lang.RestFn.applyTo(RestFn.java:137)
	at clojure.core$apply.invoke(core.clj:617)
	at leiningen.core.injected$run_hooks.invoke(NO_SOURCE_FILE:1)
	at leiningen.core.injected$prepare_for_hooks$fn__9896$fn__9897.doInvoke(NO_SOURCE_FILE:1)
	at clojure.lang.RestFn.applyTo(RestFn.java:137)
	at clojure.lang.AFunction$1.doInvoke(AFunction.java:29)
	at clojure.lang.RestFn.invoke(RestFn.java:408)
	at clojure.test$test_all_vars$fn__9863.invoke(monkey_patch_clojure_test.clj:52)
	at clojure.test$default_fixture.invoke(test.clj:671)
	at clojure.test$test_all_vars.invoke(monkey_patch_clojure_test.clj:48)
	at clojure.test$test_ns.invoke(test.clj:736)
	at clojure.core$map$fn__4207.invoke(core.clj:2487)
	at clojure.lang.LazySeq.sval(LazySeq.java:42)
	at clojure.lang.LazySeq.seq(LazySeq.java:60)
	at clojure.lang.Cons.next(Cons.java:39)
	at clojure.lang.RT.next(RT.java:598)
	at clojure.core$next.invoke(core.clj:64)
	at clojure.core$reduce1.invoke(core.clj:896)
	at clojure.core$reduce1.invoke(core.clj:887)
	at clojure.core$merge_with.doInvoke(core.clj:2702)
	at clojure.lang.RestFn.applyTo(RestFn.java:139)
	at clojure.core$apply.invoke(core.clj:619)
	at clojure.core.contracts.constraints$apply_contract$fn__1103.doInvoke(constraints.clj:175)
	at clojure.lang.RestFn.applyTo(RestFn.java:137)
	at clojure.lang.AFunction$1.doInvoke(AFunction.java:29)
	at clojure.lang.RestFn.applyTo(RestFn.java:137)
	at clojure.core$apply.invoke(core.clj:619)
	at clojure.core.contracts.constraints$eval1109$fn__1110$fn__1111.doInvoke(constraints.clj:183)
	at clojure.lang.RestFn.applyTo(RestFn.java:139)
	at clojure.core$apply.invoke(core.clj:619)
	at clojure.test$run_tests.doInvoke(test.clj:751)
	at clojure.lang.RestFn.applyTo(RestFn.java:137)
	at clojure.core$apply.invoke(core.clj:617)
	at user$eval9959$fn__10044.invoke(NO_SOURCE_FILE:1)
	at user$eval9959.invoke(NO_SOURCE_FILE:1)
	at clojure.lang.Compiler.eval(Compiler.java:6619)
	at clojure.lang.Compiler.eval(Compiler.java:6609)
	at clojure.lang.Compiler.eval(Compiler.java:6582)
	at clojure.core$eval.invoke(core.clj:2852)
	at clojure.main$eval_opt.invoke(main.clj:308)
	at clojure.main$initialize.invoke(main.clj:327)
	at clojure.main$null_opt.invoke(main.clj:362)
	at clojure.main$main.doInvoke(main.clj:440)
	at clojure.lang.RestFn.invoke(RestFn.java:421)
	at clojure.lang.Var.invoke(Var.java:419)
	at clojure.lang.AFn.applyToHelper(AFn.java:163)
	at clojure.lang.Var.applyTo(Var.java:532)
	at clojure.main.main(main.java:37)
</failure></testcase><testcase name="do-deploy-works" time="8.565"><error type="class java.lang.Exception" message="I was expecting steps">java.lang.Exception: I was expecting steps
	at circle.backend.action.test_deployment$check_deployment_sources.invoke(test_deployment.clj:32)
	at circle.backend.action.test_deployment$eval55975$fn__56004$fn__56005$fn__56006$fn__56009$fn__56010$fn__56011.invoke(test_deployment.clj:141)
	at clojure.core$with_redefs_fn.invoke(core.clj:6751)
	at circle.backend.action.test_deployment$eval55975$fn__56004$fn__56005$fn__56006$fn__56009$fn__56010.invoke(test_deployment.clj:138)
	at clojure.core$with_redefs_fn.invoke(core.clj:6751)
	at circle.backend.action.test_deployment$eval55975$fn__56004$fn__56005$fn__56006$fn__56009.invoke(test_deployment.clj:138)
	at circle.test.util.thread$block_futures_STAR_$fn__54027.invoke(thread.clj:66)
	at clojure.core$with_redefs_fn.invoke(core.clj:6751)
	at circle.test.util.thread$block_futures_STAR_.invoke(thread.clj:61)
	at circle.backend.action.test_deployment$eval55975$fn__56004$fn__56005$fn__56006.invoke(test_deployment.clj:137)
	at clojure.core$with_redefs_fn.invoke(core.clj:6751)
	at circle.backend.action.test_deployment$eval55975$fn__56004$fn__56005.invoke(test_deployment.clj:137)
	at clojure.core$with_redefs_fn.invoke(core.clj:6751)
	at circle.backend.action.test_deployment$eval55975$fn__56004.invoke(test_deployment.clj:136)
	at clojure.test$test_STAR_.invoke(monkey_patch_clojure_test.clj:19)
	at clojure.test$test_var$fn__9860.invoke(monkey_patch_clojure_test.clj:31)
	at circle.test_utils$thunk.invoke(test_utils.clj:1087)
	at clojure.lang.Var.invoke(Var.java:415)
	at circle.test_utils$with_finally$fn__55187$fn__55188.invoke(test_utils.clj:926)
	at circle.test_utils$with_finally$fn__55187$fn__55188.invoke(test_utils.clj:926)
	at circle.test_utils$with_finally$fn__55187$fn__55188.invoke(test_utils.clj:926)
	at circle.test_utils$with_finally$fn__55187$fn__55188.invoke(test_utils.clj:926)
	at circle.test_utils$with_finally$fn__55187$fn__55188.invoke(test_utils.clj:926)
	at circle.test_utils$with_block_futures_middleware$fn__55210$fn__55211.invoke(test_utils.clj:991)
	at circle.test.util.thread$block_futures_STAR_$fn__54027.invoke(thread.clj:66)
	at clojure.core$with_redefs_fn.invoke(core.clj:6751)
	at circle.test.util.thread$block_futures_STAR_.invoke(thread.clj:61)
	at circle.test_utils$with_block_futures_middleware$fn__55210.invoke(test_utils.clj:990)
	at circle.test_utils$with_block_agents_middleware$fn__55205$fn__55206.invoke(test_utils.clj:986)
	at circle.test.util.thread$with_block_agents_STAR_.invoke(thread.clj:35)
	at circle.test_utils$with_block_agents_middleware$fn__55205.invoke(test_utils.clj:986)
	at circle.test_utils$with_query_instrumentation_middleware$fn__55215$fn__55216.invoke(test_utils.clj:995)
	at circle.util.mongo$with_enable_query_instrumentation_BANG__STAR_.invoke(mongo.clj:154)
	at circle.test_utils$with_query_instrumentation_middleware$fn__55215.invoke(test_utils.clj:995)
	at circle.test_utils$with_assert_no_shutdown_watch$fn__55011.invoke(test_utils.clj:807)
	at circle.test_utils$with_finally$fn__55187$fn__55188.invoke(test_utils.clj:926)
	at circle.test_utils$with_finally$fn__55187$fn__55188.invoke(test_utils.clj:926)
	at circle.test_utils$with_finally$fn__55187$fn__55188.invoke(test_utils.clj:926)
	at circle.test_utils$with_before$fn__55182$fn__55183.invoke(test_utils.clj:918)
	at circle.test_utils$with_before$fn__55182$fn__55183.invoke(test_utils.clj:918)
	at circle.test_utils$with_finally$fn__55187$fn__55188.invoke(test_utils.clj:926)
	at circle.test_utils$with_delete_keys$fn__55192.invoke(test_utils.clj:955)
	at circle.test_utils$with_save_dir$fn__55035$fn__55036.invoke(test_utils.clj:855)
	at circle.test_utils$with_save_file$fn__55030$fn__55031.invoke(test_utils.clj:837)
	at circle.test_utils$with_git_ttl_cache$fn__54993$fn__54994.invoke(test_utils.clj:788)
	at clojure.core$with_redefs_fn.invoke(core.clj:6751)
	at circle.test_utils$with_git_ttl_cache$fn__54993.invoke(test_utils.clj:787)
	at circle.test_utils$with_disable$fn__55197$fn__55198$fn__55199.invoke(test_utils.clj:966)
	at clojure.core$with_redefs_fn.invoke(core.clj:6751)
	at circle.test_utils$with_disable$fn__55197$fn__55198.invoke(test_utils.clj:966)
	at circle.test_utils$with_disable$fn__55197$fn__55198$fn__55199.invoke(test_utils.clj:966)
	at clojure.core$with_redefs_fn.invoke(core.clj:6751)
	at circle.test_utils$with_disable$fn__55197$fn__55198.invoke(test_utils.clj:966)
	at circle.test_utils$with_disable$fn__55197$fn__55198$fn__55199.invoke(test_utils.clj:966)
	at clojure.core$with_redefs_fn.invoke(core.clj:6751)
	at circle.test_utils$with_disable$fn__55197$fn__55198.invoke(test_utils.clj:966)
	at circle.test_utils$with_disable$fn__55197$fn__55198$fn__55199.invoke(test_utils.clj:966)
	at clojure.core$with_redefs_fn.invoke(core.clj:6751)
	at circle.test_utils$with_disable$fn__55197$fn__55198.invoke(test_utils.clj:966)
	at circle.test_utils$with_authentic_pushes$fn__55001$fn__55002.invoke(test_utils.clj:797)
	at clojure.core$with_redefs_fn.invoke(core.clj:6751)
	at circle.test_utils$with_authentic_pushes$fn__55001.invoke(test_utils.clj:796)
	at circle.test_utils$with_disable$fn__55197$fn__55198$fn__55199.invoke(test_utils.clj:966)
	at clojure.core$with_redefs_fn.invoke(core.clj:6751)
	at circle.test_utils$with_disable$fn__55197$fn__55198.invoke(test_utils.clj:966)
	at circle.test_utils$with_disable$fn__55197$fn__55198$fn__55199.invoke(test_utils.clj:966)
	at clojure.core$with_redefs_fn.invoke(core.clj:6751)
	at circle.test_utils$with_disable$fn__55197$fn__55198.invoke(test_utils.clj:966)
	at circle.test_utils$with_disable$fn__55197$fn__55198$fn__55199.invoke(test_utils.clj:966)
	at clojure.core$with_redefs_fn.invoke(core.clj:6751)
	at circle.test_utils$with_disable$fn__55197$fn__55198.invoke(test_utils.clj:966)
	at circle.test_utils$with_disable$fn__55197$fn__55198$fn__55199.invoke(test_utils.clj:966)
	at clojure.core$with_redefs_fn.invoke(core.clj:6751)
	at circle.test_utils$with_disable$fn__55197$fn__55198.invoke(test_utils.clj:966)
	at circle.test_utils$with_disable$fn__55197$fn__55198$fn__55199.invoke(test_utils.clj:966)
	at clojure.core$with_redefs_fn.invoke(core.clj:6751)
	at circle.test_utils$with_disable$fn__55197$fn__55198.invoke(test_utils.clj:966)
	at circle.test_utils$with_disable$fn__55197$fn__55198$fn__55199.invoke(test_utils.clj:966)
	at clojure.core$with_redefs_fn.invoke(core.clj:6751)
	at circle.test_utils$with_disable$fn__55197$fn__55198.invoke(test_utils.clj:966)
	at circle.test_utils$with_disable$fn__55197$fn__55198$fn__55199.invoke(test_utils.clj:966)
	at clojure.core$with_redefs_fn.invoke(core.clj:6751)
	at circle.test_utils$with_disable$fn__55197$fn__55198.invoke(test_utils.clj:966)
	at circle.test_utils$with_disable$fn__55197$fn__55198$fn__55199.invoke(test_utils.clj:966)
	at clojure.core$with_redefs_fn.invoke(core.clj:6751)
	at circle.test_utils$with_disable$fn__55197$fn__55198.invoke(test_utils.clj:966)
	at circle.test_utils$with_finally$fn__55187$fn__55188.invoke(test_utils.clj:926)
	at circle.test_utils$with_enable_notablescan$fn__55220.invoke(test_utils.clj:1005)
	at circle.test_utils$with_before$fn__55182$fn__55183.invoke(test_utils.clj:918)
	at circle.test_utils$with_disable$fn__55197$fn__55198$fn__55199.invoke(test_utils.clj:966)
	at clojure.core$with_redefs_fn.invoke(core.clj:6751)
	at circle.test_utils$with_disable$fn__55197$fn__55198.invoke(test_utils.clj:966)
	at circle.test_utils$with_disable$fn__55197$fn__55198$fn__55199.invoke(test_utils.clj:966)
	at clojure.core$with_redefs_fn.invoke(core.clj:6751)
	at circle.test_utils$with_disable$fn__55197$fn__55198.invoke(test_utils.clj:966)
	at circle.test_utils$with_assert_expected_airbrakes$fn__54986.invoke(test_utils.clj:781)
	at circle.datomic$with_clear_test_db$fn__43699.invoke(datomic.clj:55)
	at circle.test_utils$with_before$fn__55182$fn__55183.invoke(test_utils.clj:918)
	at circle.test_utils$with_test_db_middle$fn__54888$fn__54889.invoke(test_utils.clj:644)
	at clojure.core$with_redefs_fn.invoke(core.clj:6751)
	at circle.test_utils$with_test_db_middle$fn__54888.invoke(test_utils.clj:643)
	at circle.test_utils$with_disable_schejulure$fn__55014$fn__55015.invoke(test_utils.clj:814)
	at clojure.core$with_redefs_fn.invoke(core.clj:6751)
	at circle.test_utils$with_disable_schejulure$fn__55014.invoke(test_utils.clj:813)
	at circle.test_utils$with_log_form$fn__54944.invoke(test_utils.clj:708)
	at circle.test_utils$with_testing$fn__55177$fn__55178.invoke(test_utils.clj:910)
	at clojure.core$with_redefs_fn.invoke(core.clj:6751)
	at circle.test_utils$with_testing$fn__55177.invoke(test_utils.clj:909)
	at clojure.test$compose_fixtures$fn__7139$fn__7140.invoke(test.clj:678)
	at clojure.test$default_fixture.invoke(test.clj:671)
	at clojure.test$compose_fixtures$fn__7139.invoke(test.clj:678)
	at clojure.test$test_var.invoke(monkey_patch_clojure_test.clj:31)
	at user$eval9959$test_var_with_selector__9976.invoke(NO_SOURCE_FILE:1)
	at clojure.lang.AFn.applyToHelper(AFn.java:163)
	at clojure.lang.AFn.applyTo(AFn.java:151)
	at clojure.core$apply.invoke(core.clj:619)
	at leiningen.core.injected$compose_hooks$fn__9891.doInvoke(NO_SOURCE_FILE:1)
	at clojure.lang.RestFn.applyTo(RestFn.java:137)
	at clojure.core$apply.invoke(core.clj:617)
	at leiningen.core.injected$run_hooks.invoke(NO_SOURCE_FILE:1)
	at leiningen.core.injected$prepare_for_hooks$fn__9896$fn__9897.doInvoke(NO_SOURCE_FILE:1)
	at clojure.lang.RestFn.applyTo(RestFn.java:137)
	at clojure.lang.AFunction$1.doInvoke(AFunction.java:29)
	at clojure.lang.RestFn.invoke(RestFn.java:408)
	at clojure.test$test_all_vars$fn__9863.invoke(monkey_patch_clojure_test.clj:52)
	at clojure.test$default_fixture.invoke(test.clj:671)
	at clojure.test$test_all_vars.invoke(monkey_patch_clojure_test.clj:48)
	at clojure.test$test_ns.invoke(test.clj:736)
	at clojure.core$map$fn__4207.invoke(core.clj:2487)
	at clojure.lang.LazySeq.sval(LazySeq.java:42)
	at clojure.lang.LazySeq.seq(LazySeq.java:60)
	at clojure.lang.Cons.next(Cons.java:39)
	at clojure.lang.RT.next(RT.java:598)
	at clojure.core$next.invoke(core.clj:64)
	at clojure.core$reduce1.invoke(core.clj:896)
	at clojure.core$reduce1.invoke(core.clj:887)
	at clojure.core$merge_with.doInvoke(core.clj:2702)
	at clojure.lang.RestFn.applyTo(RestFn.java:139)
	at clojure.core$apply.invoke(core.clj:619)
	at clojure.core.contracts.constraints$apply_contract$fn__1103.doInvoke(constraints.clj:175)
	at clojure.lang.RestFn.applyTo(RestFn.java:137)
	at clojure.lang.AFunction$1.doInvoke(AFunction.java:29)
	at clojure.lang.RestFn.applyTo(RestFn.java:137)
	at clojure.core$apply.invoke(core.clj:619)
	at clojure.core.contracts.constraints$eval1109$fn__1110$fn__1111.doInvoke(constraints.clj:183)
	at clojure.lang.RestFn.applyTo(RestFn.java:139)
	at clojure.core$apply.invoke(core.clj:619)
	at clojure.test$run_tests.doInvoke(test.clj:751)
	at clojure.lang.RestFn.applyTo(RestFn.java:137)
	at clojure.core$apply.invoke(core.clj:617)
	at user$eval9959$fn__10044.invoke(NO_SOURCE_FILE:1)
	at user$eval9959.invoke(NO_SOURCE_FILE:1)
	at clojure.lang.Compiler.eval(Compiler.java:6619)
	at clojure.lang.Compiler.eval(Compiler.java:6609)
	at clojure.lang.Compiler.eval(Compiler.java:6582)
	at clojure.core$eval.invoke(core.clj:2852)
	at clojure.main$eval_opt.invoke(main.clj:308)
	at clojure.main$initialize.invoke(main.clj:327)
	at clojure.main$null_opt.invoke(main.clj:362)
	at clojure.main$main.doInvoke(main.clj:440)
	at clojure.lang.RestFn.invoke(RestFn.java:421)
	at clojure.lang.Var.invoke(Var.java:419)
	at clojure.lang.AFn.applyToHelper(AFn.java:163)
	at clojure.lang.Var.applyTo(Var.java:532)
	at clojure.main.main(main.java:37)
</error></testcase><testcase name="match-branch-works" time="0.132"></testcase></testsuite>
