<?xml version="1.0" encoding="UTF-8"?>
<testsuites>
	<testsuite tests="0" failures="0" time="0.000000" name="github.com/circleci/distributor">
		<properties>
			<property name="go.version" value="go1.16.6 linux/amd64"></property>
		</properties>
	</testsuite>
	<testsuite tests="88" failures="0" time="45.030000" name="github.com/circleci/distributor/acceptance">
		<properties>
			<property name="go.version" value="go1.16.6 linux/amd64"></property>
		</properties>
		<testcase classname="github.com/circleci/distributor/acceptance" name="TestAPI_RunningATask/assert_task-running,_no_steps" time="0.000000"></testcase>
		<testcase classname="github.com/circleci/distributor/acceptance" name="TestAPI_RunningATask/assert_task-running,_1_running_step,_some_output" time="0.000000"></testcase>
		<testcase classname="github.com/circleci/distributor/acceptance" name="TestAPI_RunningATask/assert_task-running,_1_finished_step,_with_output" time="0.000000"></testcase>
		<testcase classname="github.com/circleci/distributor/acceptance" name="TestAPI_RunningATask/assert_task-finished_with_results_and_times" time="0.000000"></testcase>
		<testcase classname="github.com/circleci/distributor/acceptance" name="TestAPI_RunningATask/check_allocations_were_sent" time="0.000000"></testcase>
		<testcase classname="github.com/circleci/distributor/acceptance" name="TestAPI_RunningATask/check_task_type_counts" time="0.000000"></testcase>
		<testcase classname="github.com/circleci/distributor/acceptance" name="TestAPI_RunningATask/send_task_end_again" time="0.000000"></testcase>
		<testcase classname="github.com/circleci/distributor/acceptance" name="TestAPI_RunningATask" time="0.500000"></testcase>
		<testcase classname="github.com/circleci/distributor/acceptance" name="TestAPI_TaskFails/#00/assert_task-finished_with_results_and_times" time="0.000000"></testcase>
		<testcase classname="github.com/circleci/distributor/acceptance" name="TestAPI_TaskFails/#00/check_allocations_were_sent" time="0.000000"></testcase>
		<testcase classname="github.com/circleci/distributor/acceptance" name="TestAPI_TaskFails/#00/check_task_type_counts" time="0.000000"></testcase>
		<testcase classname="github.com/circleci/distributor/acceptance" name="TestAPI_TaskFails/#00" time="0.450000"></testcase>
		<testcase classname="github.com/circleci/distributor/acceptance" name="TestAPI_TaskFails/#01/assert_task-finished_with_results_and_times" time="0.000000"></testcase>
		<testcase classname="github.com/circleci/distributor/acceptance" name="TestAPI_TaskFails/#01/check_allocations_were_sent" time="0.000000"></testcase>
		<testcase classname="github.com/circleci/distributor/acceptance" name="TestAPI_TaskFails/#01/check_task_type_counts" time="0.000000"></testcase>
		<testcase classname="github.com/circleci/distributor/acceptance" name="TestAPI_TaskFails/#01" time="0.440000"></testcase>
		<testcase classname="github.com/circleci/distributor/acceptance" name="TestAPI_TaskFails" time="0.890000"></testcase>
		<testcase classname="github.com/circleci/distributor/acceptance" name="TestAPI_GetTaskConfig/circleapi_returns_500" time="17.420000"></testcase>
		<testcase classname="github.com/circleci/distributor/acceptance" name="TestAPI_GetTaskConfig" time="17.840000"></testcase>
		<testcase classname="github.com/circleci/distributor/acceptance" name="TestAPI_PostJob/A_valid_job_is_dispatched" time="0.030000"></testcase>
		<testcase classname="github.com/circleci/distributor/acceptance" name="TestAPI_PostJob/An_unknown_resource_class_id_is_accepted" time="0.070000"></testcase>
		<testcase classname="github.com/circleci/distributor/acceptance" name="TestAPI_PostJob/Submit_is_idempotent" time="0.030000"></testcase>
		<testcase classname="github.com/circleci/distributor/acceptance" name="TestAPI_PostJob/An_invalid_payload_is_rejected" time="0.000000"></testcase>
		<testcase classname="github.com/circleci/distributor/acceptance" name="TestAPI_PostJob/External_Job_is_held_and_can_be_claimed" time="0.020000"></testcase>
		<testcase classname="github.com/circleci/distributor/acceptance" name="TestAPI_PostJob/External_claim_registers_runner_details" time="0.020000"></testcase>
		<testcase classname="github.com/circleci/distributor/acceptance" name="TestAPI_PostJob/Claim_nops_with_no_available_job" time="0.000000"></testcase>
		<testcase classname="github.com/circleci/distributor/acceptance" name="TestAPI_PostJob/job_with_image" time="0.000000"></testcase>
		<testcase classname="github.com/circleci/distributor/acceptance" name="TestAPI_PostJob/External_job_must_be_authorized" time="0.000000"></testcase>
		<testcase classname="github.com/circleci/distributor/acceptance" name="TestAPI_PostJob/External_Job_with_parallelism_produces_multiple_claimable_tasks" time="0.030000"></testcase>
		<testcase classname="github.com/circleci/distributor/acceptance" name="TestAPI_PostJob/External_Job_can_heartbeat_and_can_receive_cancellation" time="0.020000"></testcase>
		<testcase classname="github.com/circleci/distributor/acceptance" name="TestAPI_PostJob/External_Job_will_reject_multiple_ends_and_fails/canceled_task_should_be_ended" time="0.010000"></testcase>
		<testcase classname="github.com/circleci/distributor/acceptance" name="TestAPI_PostJob/External_Job_will_reject_multiple_ends_and_fails" time="0.040000"></testcase>
		<testcase classname="github.com/circleci/distributor/acceptance" name="TestAPI_PostJob/presigned/artifact" time="0.000000"></testcase>
		<testcase classname="github.com/circleci/distributor/acceptance" name="TestAPI_PostJob/presigned/test-results" time="0.000000"></testcase>
		<testcase classname="github.com/circleci/distributor/acceptance" name="TestAPI_PostJob/presigned/workspace-upload" time="0.000000"></testcase>
		<testcase classname="github.com/circleci/distributor/acceptance" name="TestAPI_PostJob/presigned/workspace-download" time="0.000000"></testcase>
		<testcase classname="github.com/circleci/distributor/acceptance" name="TestAPI_PostJob/presigned/cache-save" time="0.000000"></testcase>
		<testcase classname="github.com/circleci/distributor/acceptance" name="TestAPI_PostJob/presigned/cache-restore" time="0.000000"></testcase>
		<testcase classname="github.com/circleci/distributor/acceptance" name="TestAPI_PostJob/presigned" time="0.040000"></testcase>
		<testcase classname="github.com/circleci/distributor/acceptance" name="TestAPI_PostJob" time="0.720000"></testcase>
		<testcase classname="github.com/circleci/distributor/acceptance" name="TestAPI_MachineProvisionerTasks/claim/some" time="0.010000"></testcase>
		<testcase classname="github.com/circleci/distributor/acceptance" name="TestAPI_MachineProvisionerTasks/claim/non" time="0.000000"></testcase>
		<testcase classname="github.com/circleci/distributor/acceptance" name="TestAPI_MachineProvisionerTasks/claim" time="0.010000"></testcase>
		<testcase classname="github.com/circleci/distributor/acceptance" name="TestAPI_MachineProvisionerTasks/list/non" time="0.000000"></testcase>
		<testcase classname="github.com/circleci/distributor/acceptance" name="TestAPI_MachineProvisionerTasks/list/some" time="0.020000"></testcase>
		<testcase classname="github.com/circleci/distributor/acceptance" name="TestAPI_MachineProvisionerTasks/list" time="0.020000"></testcase>
		<testcase classname="github.com/circleci/distributor/acceptance" name="TestAPI_MachineProvisionerTasks" time="0.450000"></testcase>
		<testcase classname="github.com/circleci/distributor/acceptance" name="TestAPI_AuthenticateJob/An_existing_job_is_authenticated_(happy_path)" time="0.000000"></testcase>
		<testcase classname="github.com/circleci/distributor/acceptance" name="TestAPI_AuthenticateJob/A_non_existent_job_is_attempted_to_be_authenticated_(sad_path)" time="0.000000"></testcase>
		<testcase classname="github.com/circleci/distributor/acceptance" name="TestAPI_AuthenticateJob" time="0.440000"></testcase>
		<testcase classname="github.com/circleci/distributor/acceptance" name="TestAPI_UnclaimedTaskCount/Can_get_the_count_of_unclaimed_tasks" time="0.020000"></testcase>
		<testcase classname="github.com/circleci/distributor/acceptance" name="TestAPI_UnclaimedTaskCount" time="0.440000"></testcase>
		<testcase classname="github.com/circleci/distributor/acceptance" name="TestAPI_AddResourceClass/Add_a_resource_class" time="0.000000"></testcase>
		<testcase classname="github.com/circleci/distributor/acceptance" name="TestAPI_AddResourceClass/Add_a_resource_class_with_non_existent_namespace" time="0.000000"></testcase>
		<testcase classname="github.com/circleci/distributor/acceptance" name="TestAPI_AddResourceClass/list_resource_classes/good" time="0.000000"></testcase>
		<testcase classname="github.com/circleci/distributor/acceptance" name="TestAPI_AddResourceClass/list_resource_classes/bad_org" time="0.000000"></testcase>
		<testcase classname="github.com/circleci/distributor/acceptance" name="TestAPI_AddResourceClass/list_resource_classes/bad_permissions_call" time="0.000000"></testcase>
		<testcase classname="github.com/circleci/distributor/acceptance" name="TestAPI_AddResourceClass/list_resource_classes/bad_token" time="0.000000"></testcase>
		<testcase classname="github.com/circleci/distributor/acceptance" name="TestAPI_AddResourceClass/list_resource_classes" time="0.010000"></testcase>
		<testcase classname="github.com/circleci/distributor/acceptance" name="TestAPI_AddResourceClass" time="0.440000"></testcase>
		<testcase classname="github.com/circleci/distributor/acceptance" name="TestAPI_DeleteResourceClass/Delete_a_resource_class" time="0.010000"></testcase>
		<testcase classname="github.com/circleci/distributor/acceptance" name="TestAPI_DeleteResourceClass/Delete_a_resource_class_that_doesn&#39;t_exist" time="0.000000"></testcase>
		<testcase classname="github.com/circleci/distributor/acceptance" name="TestAPI_DeleteResourceClass/Delete_a_resource_class_that_has_tokens" time="0.010000"></testcase>
		<testcase classname="github.com/circleci/distributor/acceptance" name="TestAPI_DeleteResourceClass" time="0.440000"></testcase>
		<testcase classname="github.com/circleci/distributor/acceptance" name="TestAPI_CreateToken/Create_a_token_with_a_nonexistent_resource_class" time="0.000000"></testcase>
		<testcase classname="github.com/circleci/distributor/acceptance" name="TestAPI_CreateToken/Create_a_token_with_a_nonexistent_namespace" time="0.000000"></testcase>
		<testcase classname="github.com/circleci/distributor/acceptance" name="TestAPI_CreateToken/Create_a_token" time="0.010000"></testcase>
		<testcase classname="github.com/circleci/distributor/acceptance" name="TestAPI_CreateToken/Delete_a_nonexistent_token" time="0.010000"></testcase>
		<testcase classname="github.com/circleci/distributor/acceptance" name="TestAPI_CreateToken/Delete_a_token" time="0.010000"></testcase>
		<testcase classname="github.com/circleci/distributor/acceptance" name="TestAPI_CreateToken" time="0.450000"></testcase>
		<testcase classname="github.com/circleci/distributor/acceptance" name="TestAPI_LaunchAgentVersion/Get_Latest_launch-agent_for_circleci-runner_namespace" time="0.000000"></testcase>
		<testcase classname="github.com/circleci/distributor/acceptance" name="TestAPI_LaunchAgentVersion/Get_Latest_launch-agent_for_another_namespace" time="0.010000"></testcase>
		<testcase classname="github.com/circleci/distributor/acceptance" name="TestAPI_LaunchAgentVersion" time="0.430000"></testcase>
		<testcase classname="github.com/circleci/distributor/acceptance" name="TestAPI_PostJob_ExecutionUnauthorized/An_unauthorized_runner_job_is_rejected_without_the_preview_flag" time="0.010000"></testcase>
		<testcase classname="github.com/circleci/distributor/acceptance" name="TestAPI_PostJob_ExecutionUnauthorized/An_unauthorized_runner_job_is_accepted_with_the_preview_flag" time="0.010000"></testcase>
		<testcase classname="github.com/circleci/distributor/acceptance" name="TestAPI_PostJob_ExecutionUnauthorized/A_forked_OSS_runner_job_is_rejected" time="0.000000"></testcase>
		<testcase classname="github.com/circleci/distributor/acceptance" name="TestAPI_PostJob_ExecutionUnauthorized" time="0.460000"></testcase>
		<testcase classname="github.com/circleci/distributor/acceptance" name="TestAPI_GetReportAccepted/We_get_a_report" time="0.010000"></testcase>
		<testcase classname="github.com/circleci/distributor/acceptance" name="TestAPI_GetReportAccepted" time="0.430000"></testcase>
		<testcase classname="github.com/circleci/distributor/acceptance" name="TestServer_DoesntCallPlansForAuthorization/A_runner_job_is_accepted_without_calling_plans" time="0.010000"></testcase>
		<testcase classname="github.com/circleci/distributor/acceptance" name="TestServer_DoesntCallPlansForAuthorization" time="0.430000"></testcase>
		<testcase classname="github.com/circleci/distributor/acceptance" name="TestServer_API_PostJob/Claimed_job_has_pinned_agent_version" time="0.010000"></testcase>
		<testcase classname="github.com/circleci/distributor/acceptance" name="TestServer_API_PostJob" time="0.430000"></testcase>
		<testcase classname="github.com/circleci/distributor/acceptance" name="TestServer_API_LaunchAgentVersion/Get_Latest_launch-agent_returns_410" time="0.000000"></testcase>
		<testcase classname="github.com/circleci/distributor/acceptance" name="TestServer_API_LaunchAgentVersion" time="0.430000"></testcase>
		<testcase classname="github.com/circleci/distributor/acceptance" name="TestStartStopNoConfig" time="0.370000"></testcase>
		<testcase classname="github.com/circleci/distributor/acceptance" name="TestStartStopProdFailedNoKey" time="0.010000"></testcase>
		<testcase classname="github.com/circleci/distributor/acceptance" name="TestDispatcher_Readiness" time="0.610000"></testcase>
	</testsuite>
	<testsuite tests="0" failures="0" time="0.000000" name="github.com/circleci/distributor/acceptance/internal/binary">
		<properties>
			<property name="go.version" value="go1.16.6 linux/amd64"></property>
		</properties>
	</testsuite>
	<testsuite tests="0" failures="0" time="0.000000" name="github.com/circleci/distributor/api">
		<properties>
			<property name="go.version" value="go1.16.6 linux/amd64"></property>
		</properties>
	</testsuite>
	<testsuite tests="1" failures="0" time="0.010000" name="github.com/circleci/distributor/api/admin">
		<properties>
			<property name="go.version" value="go1.16.6 linux/amd64"></property>
		</properties>
		<testcase classname="github.com/circleci/distributor/api/admin" name="TestNewAdminAPI_ReadinessCheckFailsOnMissingDB" time="0.010000"></testcase>
	</testsuite>
	<testsuite tests="194" failures="0" time="3.070000" name="github.com/circleci/distributor/api/external">
		<properties>
			<property name="go.version" value="go1.16.6 linux/amd64"></property>
		</properties>
		<testcase classname="github.com/circleci/distributor/api/external" name="TestClaimTaskHandler_Cancel" time="0.050000"></testcase>
		<testcase classname="github.com/circleci/distributor/api/external" name="TestClaimTaskHandler_Post/good_request" time="0.060000"></testcase>
		<testcase classname="github.com/circleci/distributor/api/external" name="TestClaimTaskHandler_Post/override_build-agent_version" time="0.010000"></testcase>
		<testcase classname="github.com/circleci/distributor/api/external" name="TestClaimTaskHandler_Post/bad_path" time="0.020000"></testcase>
		<testcase classname="github.com/circleci/distributor/api/external" name="TestClaimTaskHandler_Post/bad_bearer_token" time="0.010000"></testcase>
		<testcase classname="github.com/circleci/distributor/api/external" name="TestClaimTaskHandler_Post/no_bearer_token" time="0.000000"></testcase>
		<testcase classname="github.com/circleci/distributor/api/external" name="TestClaimTaskHandler_Post/bad_method" time="0.000000"></testcase>
		<testcase classname="github.com/circleci/distributor/api/external" name="TestClaimTaskHandler_Post/no_tasks_found" time="0.010000"></testcase>
		<testcase classname="github.com/circleci/distributor/api/external" name="TestClaimTaskHandler_Post/error_claiming_task" time="0.030000"></testcase>
		<testcase classname="github.com/circleci/distributor/api/external" name="TestClaimTaskHandler_Post/name_separated_by_dashes" time="0.010000"></testcase>
		<testcase classname="github.com/circleci/distributor/api/external" name="TestClaimTaskHandler_Post/name_separated_by_underscores" time="0.010000"></testcase>
		<testcase classname="github.com/circleci/distributor/api/external" name="TestClaimTaskHandler_Post/name_separated_by_dots" time="0.010000"></testcase>
		<testcase classname="github.com/circleci/distributor/api/external" name="TestClaimTaskHandler_Post/name_which_includes_parentheses" time="0.010000"></testcase>
		<testcase classname="github.com/circleci/distributor/api/external" name="TestClaimTaskHandler_Post/name_which_looks_like_a_path" time="0.000000"></testcase>
		<testcase classname="github.com/circleci/distributor/api/external" name="TestClaimTaskHandler_Post/name_which_includes_backslashes" time="0.010000"></testcase>
		<testcase classname="github.com/circleci/distributor/api/external" name="TestClaimTaskHandler_Post/name_which_includes_newlines" time="0.000000"></testcase>
		<testcase classname="github.com/circleci/distributor/api/external" name="TestClaimTaskHandler_Post/hostname_not_valid" time="0.010000"></testcase>
		<testcase classname="github.com/circleci/distributor/api/external" name="TestClaimTaskHandler_Post" time="0.200000"></testcase>
		<testcase classname="github.com/circleci/distributor/api/external" name="TestClaimTaskHandler_Post_Runners/happy" time="0.000000"></testcase>
		<testcase classname="github.com/circleci/distributor/api/external" name="TestClaimTaskHandler_Post_Runners/no_task" time="0.010000"></testcase>
		<testcase classname="github.com/circleci/distributor/api/external" name="TestClaimTaskHandler_Post_Runners/recorder_error" time="0.040000"></testcase>
		<testcase classname="github.com/circleci/distributor/api/external" name="TestClaimTaskHandler_Post_Runners/created_error" time="0.000000"></testcase>
		<testcase classname="github.com/circleci/distributor/api/external" name="TestClaimTaskHandler_Post_Runners/no_task_created_error" time="0.020000"></testcase>
		<testcase classname="github.com/circleci/distributor/api/external" name="TestClaimTaskHandler_Post_Runners" time="0.080000"></testcase>
		<testcase classname="github.com/circleci/distributor/api/external" name="TestAgentS3Integration" time="0.410000"></testcase>
		<testcase classname="github.com/circleci/distributor/api/external" name="TestLaunchAgentS3Integration" time="0.090000"></testcase>
		<testcase classname="github.com/circleci/distributor/api/external" name="TestDownloadHandler_Get/Good_request_Linux" time="0.020000"></testcase>
		<testcase classname="github.com/circleci/distributor/api/external" name="TestDownloadHandler_Get/Good_request_Windows" time="0.010000"></testcase>
		<testcase classname="github.com/circleci/distributor/api/external" name="TestDownloadHandler_Get/Good_request_ARM" time="0.010000"></testcase>
		<testcase classname="github.com/circleci/distributor/api/external" name="TestDownloadHandler_Get/No_version_returns_latest" time="0.000000"></testcase>
		<testcase classname="github.com/circleci/distributor/api/external" name="TestDownloadHandler_Get/Returns_pinned_version_if_specified" time="0.020000"></testcase>
		<testcase classname="github.com/circleci/distributor/api/external" name="TestDownloadHandler_Get/Bad_method" time="0.000000"></testcase>
		<testcase classname="github.com/circleci/distributor/api/external" name="TestDownloadHandler_Get/Unknown_version" time="0.010000"></testcase>
		<testcase classname="github.com/circleci/distributor/api/external" name="TestDownloadHandler_Get/Unsupported_OS" time="0.010000"></testcase>
		<testcase classname="github.com/circleci/distributor/api/external" name="TestDownloadHandler_Get/Empty_Checksums_File" time="0.010000"></testcase>
		<testcase classname="github.com/circleci/distributor/api/external" name="TestDownloadHandler_Get/Release_locked" time="0.000000"></testcase>
		<testcase classname="github.com/circleci/distributor/api/external" name="TestDownloadHandler_Get" time="0.110000"></testcase>
		<testcase classname="github.com/circleci/distributor/api/external" name="TestLargeRequest" time="1.000000"></testcase>
		<testcase classname="github.com/circleci/distributor/api/external" name="TestRunnerListHandler_Get/Find_by_resource_class_user-auth" time="0.000000"></testcase>
		<testcase classname="github.com/circleci/distributor/api/external" name="TestRunnerListHandler_Get/Find_multiple_agents_by_namespace_user-auth" time="0.000000"></testcase>
		<testcase classname="github.com/circleci/distributor/api/external" name="TestRunnerListHandler_Get/Find_by_resource_class_resource-auth" time="0.000000"></testcase>
		<testcase classname="github.com/circleci/distributor/api/external" name="TestRunnerListHandler_Get/Find_multiple_agents_by_namespace_resource-auth_fails" time="0.000000"></testcase>
		<testcase classname="github.com/circleci/distributor/api/external" name="TestRunnerListHandler_Get/Invalid_auth_no_token" time="0.000000"></testcase>
		<testcase classname="github.com/circleci/distributor/api/external" name="TestRunnerListHandler_Get/Invalid_auth" time="0.000000"></testcase>
		<testcase classname="github.com/circleci/distributor/api/external" name="TestRunnerListHandler_Get/No_org_associated_with_resource-class" time="0.000000"></testcase>
		<testcase classname="github.com/circleci/distributor/api/external" name="TestRunnerListHandler_Get/No_org_associated_with_namespace" time="0.000000"></testcase>
		<testcase classname="github.com/circleci/distributor/api/external" name="TestRunnerListHandler_Get/Lacking_permissions" time="0.000000"></testcase>
		<testcase classname="github.com/circleci/distributor/api/external" name="TestRunnerListHandler_Get/Permission_checker_unavailable" time="0.000000"></testcase>
		<testcase classname="github.com/circleci/distributor/api/external" name="TestRunnerListHandler_Get/Invalid_resource-class" time="0.000000"></testcase>
		<testcase classname="github.com/circleci/distributor/api/external" name="TestRunnerListHandler_Get/No_query_parameters" time="0.000000"></testcase>
		<testcase classname="github.com/circleci/distributor/api/external" name="TestRunnerListHandler_Get/Both_query_parameters" time="0.000000"></testcase>
		<testcase classname="github.com/circleci/distributor/api/external" name="TestRunnerListHandler_Get/Resource_class_unauthorized" time="0.000000"></testcase>
		<testcase classname="github.com/circleci/distributor/api/external" name="TestRunnerListHandler_Get/Namespace_unauthorized" time="0.000000"></testcase>
		<testcase classname="github.com/circleci/distributor/api/external" name="TestRunnerListHandler_Get" time="0.030000"></testcase>
		<testcase classname="github.com/circleci/distributor/api/external" name="TestResourceCreateHandler/add_a_good_resource_class" time="0.000000"></testcase>
		<testcase classname="github.com/circleci/distributor/api/external" name="TestResourceCreateHandler/invalid_resource_class" time="0.000000"></testcase>
		<testcase classname="github.com/circleci/distributor/api/external" name="TestResourceCreateHandler/adding_fails" time="0.000000"></testcase>
		<testcase classname="github.com/circleci/distributor/api/external" name="TestResourceCreateHandler/add_a_duplicate" time="0.000000"></testcase>
		<testcase classname="github.com/circleci/distributor/api/external" name="TestResourceCreateHandler/namespace_resolver_error" time="0.000000"></testcase>
		<testcase classname="github.com/circleci/distributor/api/external" name="TestResourceCreateHandler/namespace_resolver_returns_no_match" time="0.000000"></testcase>
		<testcase classname="github.com/circleci/distributor/api/external" name="TestResourceCreateHandler/not_an_runner_admin" time="0.000000"></testcase>
		<testcase classname="github.com/circleci/distributor/api/external" name="TestResourceCreateHandler/agent_admin_check_errors" time="0.000000"></testcase>
		<testcase classname="github.com/circleci/distributor/api/external" name="TestResourceCreateHandler/user_auth_returns_error" time="0.000000"></testcase>
		<testcase classname="github.com/circleci/distributor/api/external" name="TestResourceCreateHandler/resource_class_limit_reached" time="0.000000"></testcase>
		<testcase classname="github.com/circleci/distributor/api/external" name="TestResourceCreateHandler" time="0.020000"></testcase>
		<testcase classname="github.com/circleci/distributor/api/external" name="TestResourceDeleteHandler/delete_a_good_resource_class" time="0.000000"></testcase>
		<testcase classname="github.com/circleci/distributor/api/external" name="TestResourceDeleteHandler/delete_a_nonexistent_resource_class" time="0.000000"></testcase>
		<testcase classname="github.com/circleci/distributor/api/external" name="TestResourceDeleteHandler/not_an_admin" time="0.000000"></testcase>
		<testcase classname="github.com/circleci/distributor/api/external" name="TestResourceDeleteHandler/tokens_exist" time="0.000000"></testcase>
		<testcase classname="github.com/circleci/distributor/api/external" name="TestResourceDeleteHandler/outside_our_org" time="0.000000"></testcase>
		<testcase classname="github.com/circleci/distributor/api/external" name="TestResourceDeleteHandler/delete_errors" time="0.000000"></testcase>
		<testcase classname="github.com/circleci/distributor/api/external" name="TestResourceDeleteHandler/getting_resource_class_errors" time="0.000000"></testcase>
		<testcase classname="github.com/circleci/distributor/api/external" name="TestResourceDeleteHandler/invalid_uuid" time="0.000000"></testcase>
		<testcase classname="github.com/circleci/distributor/api/external" name="TestResourceDeleteHandler" time="0.010000"></testcase>
		<testcase classname="github.com/circleci/distributor/api/external" name="TestResourceListHandler/good_list" time="0.000000"></testcase>
		<testcase classname="github.com/circleci/distributor/api/external" name="TestResourceListHandler/ns_has_no_classes_added" time="0.000000"></testcase>
		<testcase classname="github.com/circleci/distributor/api/external" name="TestResourceListHandler/empty_namespace" time="0.000000"></testcase>
		<testcase classname="github.com/circleci/distributor/api/external" name="TestResourceListHandler/invalid_namespace" time="0.000000"></testcase>
		<testcase classname="github.com/circleci/distributor/api/external" name="TestResourceListHandler/no_permission_to_view" time="0.000000"></testcase>
		<testcase classname="github.com/circleci/distributor/api/external" name="TestResourceListHandler/permission_resolver_errors" time="0.000000"></testcase>
		<testcase classname="github.com/circleci/distributor/api/external" name="TestResourceListHandler/list_returns_error" time="0.000000"></testcase>
		<testcase classname="github.com/circleci/distributor/api/external" name="TestResourceListHandler/namespace_resolver_error" time="0.000000"></testcase>
		<testcase classname="github.com/circleci/distributor/api/external" name="TestResourceListHandler/namespace_not_found_in_resolver" time="0.000000"></testcase>
		<testcase classname="github.com/circleci/distributor/api/external" name="TestResourceListHandler" time="0.010000"></testcase>
		<testcase classname="github.com/circleci/distributor/api/external" name="TestTokenCreateHandler/add_a_good_token" time="0.000000"></testcase>
		<testcase classname="github.com/circleci/distributor/api/external" name="TestTokenCreateHandler/can_not_create_the_token" time="0.000000"></testcase>
		<testcase classname="github.com/circleci/distributor/api/external" name="TestTokenCreateHandler/invalid_resource_class" time="0.000000"></testcase>
		<testcase classname="github.com/circleci/distributor/api/external" name="TestTokenCreateHandler/adding_fails" time="0.000000"></testcase>
		<testcase classname="github.com/circleci/distributor/api/external" name="TestTokenCreateHandler/namespace_resolver_error" time="0.000000"></testcase>
		<testcase classname="github.com/circleci/distributor/api/external" name="TestTokenCreateHandler/namespace_not_found_in_resolver" time="0.000000"></testcase>
		<testcase classname="github.com/circleci/distributor/api/external" name="TestTokenCreateHandler/not_an_runner_admin" time="0.000000"></testcase>
		<testcase classname="github.com/circleci/distributor/api/external" name="TestTokenCreateHandler/agent_admin_check_errors" time="0.000000"></testcase>
		<testcase classname="github.com/circleci/distributor/api/external" name="TestTokenCreateHandler/user_auth_returns_error" time="0.000000"></testcase>
		<testcase classname="github.com/circleci/distributor/api/external" name="TestTokenCreateHandler/resource_class_not_found" time="0.000000"></testcase>
		<testcase classname="github.com/circleci/distributor/api/external" name="TestTokenCreateHandler/resource_class_limit_reached" time="0.000000"></testcase>
		<testcase classname="github.com/circleci/distributor/api/external" name="TestTokenCreateHandler" time="0.020000"></testcase>
		<testcase classname="github.com/circleci/distributor/api/external" name="TestTokenListHandler/good_list" time="0.000000"></testcase>
		<testcase classname="github.com/circleci/distributor/api/external" name="TestTokenListHandler/resource_class_has_no_tokens_added" time="0.000000"></testcase>
		<testcase classname="github.com/circleci/distributor/api/external" name="TestTokenListHandler/empty_resource_class" time="0.000000"></testcase>
		<testcase classname="github.com/circleci/distributor/api/external" name="TestTokenListHandler/missing_namespace" time="0.000000"></testcase>
		<testcase classname="github.com/circleci/distributor/api/external" name="TestTokenListHandler/invalid_resource_class" time="0.000000"></testcase>
		<testcase classname="github.com/circleci/distributor/api/external" name="TestTokenListHandler/no_permission_to_view" time="0.000000"></testcase>
		<testcase classname="github.com/circleci/distributor/api/external" name="TestTokenListHandler/permission_resolver_errors" time="0.000000"></testcase>
		<testcase classname="github.com/circleci/distributor/api/external" name="TestTokenListHandler/list_returns_error" time="0.000000"></testcase>
		<testcase classname="github.com/circleci/distributor/api/external" name="TestTokenListHandler" time="0.010000"></testcase>
		<testcase classname="github.com/circleci/distributor/api/external" name="TestTokenRevokeHandler/successfully_revoke_token" time="0.000000"></testcase>
		<testcase classname="github.com/circleci/distributor/api/external" name="TestTokenRevokeHandler/remove_token_fails" time="0.000000"></testcase>
		<testcase classname="github.com/circleci/distributor/api/external" name="TestTokenRevokeHandler/user_auth_fails" time="0.000000"></testcase>
		<testcase classname="github.com/circleci/distributor/api/external" name="TestTokenRevokeHandler/not_a_runner_admin" time="0.000000"></testcase>
		<testcase classname="github.com/circleci/distributor/api/external" name="TestTokenRevokeHandler/token_does_not_exist" time="0.000000"></testcase>
		<testcase classname="github.com/circleci/distributor/api/external" name="TestTokenRevokeHandler/token_lookup_fails" time="0.000000"></testcase>
		<testcase classname="github.com/circleci/distributor/api/external" name="TestTokenRevokeHandler/ns_resolve_fails" time="0.000000"></testcase>
		<testcase classname="github.com/circleci/distributor/api/external" name="TestTokenRevokeHandler/admin_permission_check_fails" time="0.000000"></testcase>
		<testcase classname="github.com/circleci/distributor/api/external" name="TestTokenRevokeHandler/invalid_id" time="0.000000"></testcase>
		<testcase classname="github.com/circleci/distributor/api/external" name="TestTokenRevokeHandler" time="0.010000"></testcase>
		<testcase classname="github.com/circleci/distributor/api/external" name="TestTaskAuthenticator/Rejects_no_Authorization_header" time="0.000000"></testcase>
		<testcase classname="github.com/circleci/distributor/api/external" name="TestTaskAuthenticator/Rejects_invalid_Authorization_header" time="0.000000"></testcase>
		<testcase classname="github.com/circleci/distributor/api/external" name="TestTaskAuthenticator/Exchanges_Bearer_token_for_Task_Auth_model" time="0.000000"></testcase>
		<testcase classname="github.com/circleci/distributor/api/external" name="TestTaskAuthenticator/Rejects_if_errored_from_taskAuthLookup" time="0.000000"></testcase>
		<testcase classname="github.com/circleci/distributor/api/external" name="TestTaskAuthenticator/Rejects_if_nil_from_taskAuthLookup" time="0.000000"></testcase>
		<testcase classname="github.com/circleci/distributor/api/external" name="TestTaskAuthenticator/Uses_an_in-memory_cache_to_avoid_lots_of_lookups" time="0.000000"></testcase>
		<testcase classname="github.com/circleci/distributor/api/external" name="TestTaskAuthenticator/Errors_are_not_cached" time="0.000000"></testcase>
		<testcase classname="github.com/circleci/distributor/api/external" name="TestTaskAuthenticator/Not_finding_a_task_is_cached" time="0.000000"></testcase>
		<testcase classname="github.com/circleci/distributor/api/external" name="TestTaskAuthenticator" time="0.000000"></testcase>
		<testcase classname="github.com/circleci/distributor/api/external" name="TestTaskConfigHandler_Post/good_request" time="0.000000"></testcase>
		<testcase classname="github.com/circleci/distributor/api/external" name="TestTaskConfigHandler_Post/task_not_found_is_unauthorized" time="0.000000"></testcase>
		<testcase classname="github.com/circleci/distributor/api/external" name="TestTaskConfigHandler_Post/error_getting_task_is_unauthorized" time="0.000000"></testcase>
		<testcase classname="github.com/circleci/distributor/api/external" name="TestTaskConfigHandler_Post/no_bearer_token_is_unauthorized" time="0.000000"></testcase>
		<testcase classname="github.com/circleci/distributor/api/external" name="TestTaskConfigHandler_Post" time="0.010000"></testcase>
		<testcase classname="github.com/circleci/distributor/api/external" name="TestEvent/event_start" time="0.010000"></testcase>
		<testcase classname="github.com/circleci/distributor/api/external" name="TestEvent/event_end" time="0.010000"></testcase>
		<testcase classname="github.com/circleci/distributor/api/external" name="TestEvent/step_start" time="0.010000"></testcase>
		<testcase classname="github.com/circleci/distributor/api/external" name="TestEvent/step_end" time="0.010000"></testcase>
		<testcase classname="github.com/circleci/distributor/api/external" name="TestEvent/step_output" time="0.000000"></testcase>
		<testcase classname="github.com/circleci/distributor/api/external" name="TestEvent/step_error" time="0.000000"></testcase>
		<testcase classname="github.com/circleci/distributor/api/external" name="TestEvent/bad_event" time="0.000000"></testcase>
		<testcase classname="github.com/circleci/distributor/api/external" name="TestEvent/bad_token" time="0.000000"></testcase>
		<testcase classname="github.com/circleci/distributor/api/external" name="TestEvent/bad_build_token" time="0.000000"></testcase>
		<testcase classname="github.com/circleci/distributor/api/external" name="TestEvent/other_error" time="0.000000"></testcase>
		<testcase classname="github.com/circleci/distributor/api/external" name="TestEvent/duplicate_ends" time="0.010000"></testcase>
		<testcase classname="github.com/circleci/distributor/api/external" name="TestEvent/duplicate_fails" time="0.020000"></testcase>
		<testcase classname="github.com/circleci/distributor/api/external" name="TestEvent" time="0.080000"></testcase>
		<testcase classname="github.com/circleci/distributor/api/external" name="TestEventEnd/Task_end_with_all_fields" time="0.020000"></testcase>
		<testcase classname="github.com/circleci/distributor/api/external" name="TestEventEnd/Task_end_without_usage" time="0.000000"></testcase>
		<testcase classname="github.com/circleci/distributor/api/external" name="TestEventEnd/Task_end_with_data-usage_but_no_transfers" time="0.000000"></testcase>
		<testcase classname="github.com/circleci/distributor/api/external" name="TestEventEnd" time="0.030000"></testcase>
		<testcase classname="github.com/circleci/distributor/api/external" name="TestEventConcurrentCalls" time="0.320000"></testcase>
		<testcase classname="github.com/circleci/distributor/api/external" name="TestHeartbeat/heartbeats" time="0.000000"></testcase>
		<testcase classname="github.com/circleci/distributor/api/external" name="TestHeartbeat" time="0.000000"></testcase>
		<testcase classname="github.com/circleci/distributor/api/external" name="TestHeartbeat_WhenCanceled/heartbeats_with_canceled_flag" time="0.000000"></testcase>
		<testcase classname="github.com/circleci/distributor/api/external" name="TestHeartbeat_WhenCanceled" time="0.000000"></testcase>
		<testcase classname="github.com/circleci/distributor/api/external" name="TestTaskStorage_Credentials/good" time="0.000000"></testcase>
		<testcase classname="github.com/circleci/distributor/api/external" name="TestTaskStorage_Credentials/bad_token" time="0.000000"></testcase>
		<testcase classname="github.com/circleci/distributor/api/external" name="TestTaskStorage_Credentials/bad_build_token" time="0.000000"></testcase>
		<testcase classname="github.com/circleci/distributor/api/external" name="TestTaskStorage_Credentials/other_error" time="0.000000"></testcase>
		<testcase classname="github.com/circleci/distributor/api/external" name="TestTaskStorage_Credentials" time="0.020000"></testcase>
		<testcase classname="github.com/circleci/distributor/api/external" name="TestTaskStorage_Presigned/artifacts/good" time="0.010000"></testcase>
		<testcase classname="github.com/circleci/distributor/api/external" name="TestTaskStorage_Presigned/artifacts" time="0.010000"></testcase>
		<testcase classname="github.com/circleci/distributor/api/external" name="TestTaskStorage_Presigned/test-results/good" time="0.010000"></testcase>
		<testcase classname="github.com/circleci/distributor/api/external" name="TestTaskStorage_Presigned/test-results" time="0.010000"></testcase>
		<testcase classname="github.com/circleci/distributor/api/external" name="TestTaskStorage_Presigned/workspace-upload/good" time="0.000000"></testcase>
		<testcase classname="github.com/circleci/distributor/api/external" name="TestTaskStorage_Presigned/workspace-upload" time="0.000000"></testcase>
		<testcase classname="github.com/circleci/distributor/api/external" name="TestTaskStorage_Presigned/workspace-download/good" time="0.010000"></testcase>
		<testcase classname="github.com/circleci/distributor/api/external" name="TestTaskStorage_Presigned/workspace-download" time="0.010000"></testcase>
		<testcase classname="github.com/circleci/distributor/api/external" name="TestTaskStorage_Presigned" time="0.030000"></testcase>
		<testcase classname="github.com/circleci/distributor/api/external" name="TestMapTaskStorageError/nil-custom-error" time="0.000000"></testcase>
		<testcase classname="github.com/circleci/distributor/api/external" name="TestMapTaskStorageError/nil" time="0.000000"></testcase>
		<testcase classname="github.com/circleci/distributor/api/external" name="TestMapTaskStorageError/string-error" time="0.000000"></testcase>
		<testcase classname="github.com/circleci/distributor/api/external" name="TestMapTaskStorageError/unauthenticated" time="0.000000"></testcase>
		<testcase classname="github.com/circleci/distributor/api/external" name="TestMapTaskStorageError/exists" time="0.000000"></testcase>
		<testcase classname="github.com/circleci/distributor/api/external" name="TestMapTaskStorageError/not-found" time="0.000000"></testcase>
		<testcase classname="github.com/circleci/distributor/api/external" name="TestMapTaskStorageError" time="0.000000"></testcase>
		<testcase classname="github.com/circleci/distributor/api/external" name="TestUnclaimedTaskCountHandler/No_unclaimed_tasks" time="0.000000"></testcase>
		<testcase classname="github.com/circleci/distributor/api/external" name="TestUnclaimedTaskCountHandler/There_are_unclaimed_tasks" time="0.000000"></testcase>
		<testcase classname="github.com/circleci/distributor/api/external" name="TestUnclaimedTaskCountHandler/Empty_resource_class" time="0.000000"></testcase>
		<testcase classname="github.com/circleci/distributor/api/external" name="TestUnclaimedTaskCountHandler/Missing_namespace" time="0.000000"></testcase>
		<testcase classname="github.com/circleci/distributor/api/external" name="TestUnclaimedTaskCountHandler/Malformed_resource_class" time="0.000000"></testcase>
		<testcase classname="github.com/circleci/distributor/api/external" name="TestUnclaimedTaskCountHandler/No_permission_to_view" time="0.000000"></testcase>
		<testcase classname="github.com/circleci/distributor/api/external" name="TestUnclaimedTaskCountHandler/Permission_resolver_error" time="0.000000"></testcase>
		<testcase classname="github.com/circleci/distributor/api/external" name="TestUnclaimedTaskCountHandler/Query_unclaimed_task_count_error" time="0.000000"></testcase>
		<testcase classname="github.com/circleci/distributor/api/external" name="TestUnclaimedTaskCountHandler" time="0.020000"></testcase>
		<testcase classname="github.com/circleci/distributor/api/external" name="Test_userAuthenticator/Returns_nil_err_and_nil_value_when_no_header_nor_cookie_provided" time="0.000000"></testcase>
		<testcase classname="github.com/circleci/distributor/api/external" name="Test_userAuthenticator/Returns_Unauthorized_error_when_mismatched_circle_token" time="0.000000"></testcase>
		<testcase classname="github.com/circleci/distributor/api/external" name="Test_userAuthenticator/Returns_Unauthorized_error_mismatched_cookie" time="0.000000"></testcase>
		<testcase classname="github.com/circleci/distributor/api/external" name="Test_userAuthenticator/Returns_error_with_circle_token_and_resolve_error" time="0.000000"></testcase>
		<testcase classname="github.com/circleci/distributor/api/external" name="Test_userAuthenticator/Returns_error_with_cookie_and_resolve_error" time="0.000000"></testcase>
		<testcase classname="github.com/circleci/distributor/api/external" name="Test_userAuthenticator/Returns_userId_when_circle-token_is_valid" time="0.000000"></testcase>
		<testcase classname="github.com/circleci/distributor/api/external" name="Test_userAuthenticator/Returns_userId_when_auth_is_valid" time="0.000000"></testcase>
		<testcase classname="github.com/circleci/distributor/api/external" name="Test_userAuthenticator/Returns_userId_when_query_not_provided_and_valid_cookie" time="0.000000"></testcase>
		<testcase classname="github.com/circleci/distributor/api/external" name="Test_userAuthenticator" time="0.000000"></testcase>
		<testcase classname="github.com/circleci/distributor/api/external" name="Test_getCircleToken/Returns_token_from_Circle-Token_header" time="0.000000"></testcase>
		<testcase classname="github.com/circleci/distributor/api/external" name="Test_getCircleToken/Returns_token_from_Auth_header" time="0.000000"></testcase>
		<testcase classname="github.com/circleci/distributor/api/external" name="Test_getCircleToken/Returns_empty_token_when_no_token_provided" time="0.000000"></testcase>
		<testcase classname="github.com/circleci/distributor/api/external" name="Test_getCircleToken" time="0.000000"></testcase>
	</testsuite>
	<testsuite tests="15" failures="0" time="3.140000" name="github.com/circleci/distributor/api/external/auth">
		<properties>
			<property name="go.version" value="go1.16.6 linux/amd64"></property>
		</properties>
		<testcase classname="github.com/circleci/distributor/api/external/auth" name="TestPermissionsClient_CanViewRunners/Return_allowed_when_valid_userID_and_orgID" time="0.000000"></testcase>
		<testcase classname="github.com/circleci/distributor/api/external/auth" name="TestPermissionsClient_CanViewRunners/Return_not_allowed_when_invalid_userID_and_valid_orgID" time="0.000000"></testcase>
		<testcase classname="github.com/circleci/distributor/api/external/auth" name="TestPermissionsClient_CanViewRunners/Return_not_allowed_when_valid_userID_and_invalid_orgID" time="0.000000"></testcase>
		<testcase classname="github.com/circleci/distributor/api/external/auth" name="TestPermissionsClient_CanViewRunners/Return_error_when_server_not_available" time="0.700000"></testcase>
		<testcase classname="github.com/circleci/distributor/api/external/auth" name="TestPermissionsClient_CanViewRunners" time="0.710000"></testcase>
		<testcase classname="github.com/circleci/distributor/api/external/auth" name="TestPermissionsClient_CanAdminRunners/Return_allowed_when_valid_userID_and_orgID" time="0.000000"></testcase>
		<testcase classname="github.com/circleci/distributor/api/external/auth" name="TestPermissionsClient_CanAdminRunners/Return_not_allowed_when_invalid_userID_and_valid_orgID" time="0.000000"></testcase>
		<testcase classname="github.com/circleci/distributor/api/external/auth" name="TestPermissionsClient_CanAdminRunners/Return_not_allowed_when_valid_userID_and_invalid_orgID" time="0.000000"></testcase>
		<testcase classname="github.com/circleci/distributor/api/external/auth" name="TestPermissionsClient_CanAdminRunners/Return_error_when_server_not_available" time="0.840000"></testcase>
		<testcase classname="github.com/circleci/distributor/api/external/auth" name="TestPermissionsClient_CanAdminRunners" time="0.850000"></testcase>
		<testcase classname="github.com/circleci/distributor/api/external/auth" name="TestUserAuther/Return_userID_when_valid_circle-token" time="0.010000"></testcase>
		<testcase classname="github.com/circleci/distributor/api/external/auth" name="TestUserAuther/Return_no_err_when_invalid_circle-token" time="0.000000"></testcase>
		<testcase classname="github.com/circleci/distributor/api/external/auth" name="TestUserAuther/Return_userID_when_valid_ring-session_cookie" time="0.000000"></testcase>
		<testcase classname="github.com/circleci/distributor/api/external/auth" name="TestUserAuther/Return_err_when_invalid_ring-session_cookie" time="0.000000"></testcase>
		<testcase classname="github.com/circleci/distributor/api/external/auth" name="TestUserAuther" time="0.030000"></testcase>
	</testsuite>
	<testsuite tests="55" failures="0" time="1.070000" name="github.com/circleci/distributor/api/internalapi">
		<properties>
			<property name="go.version" value="go1.16.6 linux/amd64"></property>
		</properties>
		<testcase classname="github.com/circleci/distributor/api/internalapi" name="TestReport" time="0.010000"></testcase>
		<testcase classname="github.com/circleci/distributor/api/internalapi" name="TestClaimTaskHandler/Successfully_claim_a_task" time="0.020000"></testcase>
		<testcase classname="github.com/circleci/distributor/api/internalapi" name="TestClaimTaskHandler/Override_build-agent_version" time="0.000000"></testcase>
		<testcase classname="github.com/circleci/distributor/api/internalapi" name="TestClaimTaskHandler/Incorrect_method" time="0.020000"></testcase>
		<testcase classname="github.com/circleci/distributor/api/internalapi" name="TestClaimTaskHandler/Empty_body" time="0.000000"></testcase>
		<testcase classname="github.com/circleci/distributor/api/internalapi" name="TestClaimTaskHandler/Empty_resource_class" time="0.010000"></testcase>
		<testcase classname="github.com/circleci/distributor/api/internalapi" name="TestClaimTaskHandler/Missing_resource_class_executor" time="0.010000"></testcase>
		<testcase classname="github.com/circleci/distributor/api/internalapi" name="TestClaimTaskHandler/Missing_resource_class_class" time="0.010000"></testcase>
		<testcase classname="github.com/circleci/distributor/api/internalapi" name="TestClaimTaskHandler/Invalid_type_for_resource_class" time="0.010000"></testcase>
		<testcase classname="github.com/circleci/distributor/api/internalapi" name="TestClaimTaskHandler/Invalid_characters_in_resource_class" time="0.010000"></testcase>
		<testcase classname="github.com/circleci/distributor/api/internalapi" name="TestClaimTaskHandler/Error_while_claiming_a_task" time="0.010000"></testcase>
		<testcase classname="github.com/circleci/distributor/api/internalapi" name="TestClaimTaskHandler" time="0.100000"></testcase>
		<testcase classname="github.com/circleci/distributor/api/internalapi" name="TestJobHandler_PostJobs/all_fields_set" time="0.020000"></testcase>
		<testcase classname="github.com/circleci/distributor/api/internalapi" name="TestJobHandler_PostJobs/all_fields_set_with_a_runner_job" time="0.020000"></testcase>
		<testcase classname="github.com/circleci/distributor/api/internalapi" name="TestJobHandler_PostJobs/unknown_resource_class" time="0.010000"></testcase>
		<testcase classname="github.com/circleci/distributor/api/internalapi" name="TestJobHandler_PostJobs/already_submitted_is_okay" time="0.010000"></testcase>
		<testcase classname="github.com/circleci/distributor/api/internalapi" name="TestJobHandler_PostJobs/bad_path" time="0.000000"></testcase>
		<testcase classname="github.com/circleci/distributor/api/internalapi" name="TestJobHandler_PostJobs/bad_method" time="0.000000"></testcase>
		<testcase classname="github.com/circleci/distributor/api/internalapi" name="TestJobHandler_PostJobs/invalid_job" time="0.010000"></testcase>
		<testcase classname="github.com/circleci/distributor/api/internalapi" name="TestJobHandler_PostJobs/runner_not_authorized" time="0.020000"></testcase>
		<testcase classname="github.com/circleci/distributor/api/internalapi" name="TestJobHandler_PostJobs/runner_resource_class_not_found" time="0.010000"></testcase>
		<testcase classname="github.com/circleci/distributor/api/internalapi" name="TestJobHandler_PostJobs/resource_class_invalid" time="0.000000"></testcase>
		<testcase classname="github.com/circleci/distributor/api/internalapi" name="TestJobHandler_PostJobs/bad_field_type" time="0.000000"></testcase>
		<testcase classname="github.com/circleci/distributor/api/internalapi" name="TestJobHandler_PostJobs/extra_fields_are_okay" time="0.010000"></testcase>
		<testcase classname="github.com/circleci/distributor/api/internalapi" name="TestJobHandler_PostJobs/unexpected_error_causes_500" time="0.010000"></testcase>
		<testcase classname="github.com/circleci/distributor/api/internalapi" name="TestJobHandler_PostJobs/plans_service_error_is_ignored" time="0.020000"></testcase>
		<testcase classname="github.com/circleci/distributor/api/internalapi" name="TestJobHandler_PostJobs/plans_service_auth_error_causes_a_403" time="0.000000"></testcase>
		<testcase classname="github.com/circleci/distributor/api/internalapi" name="TestJobHandler_PostJobs/Job_submitted_as_OSS_properly_marks_up_submitted_job_metadata" time="0.010000"></testcase>
		<testcase classname="github.com/circleci/distributor/api/internalapi" name="TestJobHandler_PostJobs/invalid_resource_class_responds_422" time="0.000000"></testcase>
		<testcase classname="github.com/circleci/distributor/api/internalapi" name="TestJobHandler_PostJobs/missing_resource_class_responds_422" time="0.000000"></testcase>
		<testcase classname="github.com/circleci/distributor/api/internalapi" name="TestJobHandler_PostJobs/runner_Jobs_with_OSS_flag_on_triggered_by_forks_are_rejected" time="0.000000"></testcase>
		<testcase classname="github.com/circleci/distributor/api/internalapi" name="TestJobHandler_PostJobs/runner_Jobs_with_OSS_flag_on_are_not_rejected" time="0.060000"></testcase>
		<testcase classname="github.com/circleci/distributor/api/internalapi" name="TestJobHandler_PostJobs/non_runner_jobs_are_not_rejected" time="0.010000"></testcase>
		<testcase classname="github.com/circleci/distributor/api/internalapi" name="TestJobHandler_PostJobs/Job_is_created_when_use-machine-provisioner_flag_is_enabled" time="0.010000"></testcase>
		<testcase classname="github.com/circleci/distributor/api/internalapi" name="TestJobHandler_PostJobs" time="0.600000"></testcase>
		<testcase classname="github.com/circleci/distributor/api/internalapi" name="TestJobHandler_BadContentType" time="0.000000"></testcase>
		<testcase classname="github.com/circleci/distributor/api/internalapi" name="TestCancelJobHandler_PostJobsCancel/good_request" time="0.000000"></testcase>
		<testcase classname="github.com/circleci/distributor/api/internalapi" name="TestCancelJobHandler_PostJobsCancel/already_canceled_is_okay" time="0.000000"></testcase>
		<testcase classname="github.com/circleci/distributor/api/internalapi" name="TestCancelJobHandler_PostJobsCancel/bad_path" time="0.000000"></testcase>
		<testcase classname="github.com/circleci/distributor/api/internalapi" name="TestCancelJobHandler_PostJobsCancel/bad_method" time="0.000000"></testcase>
		<testcase classname="github.com/circleci/distributor/api/internalapi" name="TestCancelJobHandler_PostJobsCancel/non_existing_external_id_is_okay" time="0.000000"></testcase>
		<testcase classname="github.com/circleci/distributor/api/internalapi" name="TestCancelJobHandler_PostJobsCancel/bad_field_type" time="0.000000"></testcase>
		<testcase classname="github.com/circleci/distributor/api/internalapi" name="TestCancelJobHandler_PostJobsCancel/extra_fields_are_okay" time="0.000000"></testcase>
		<testcase classname="github.com/circleci/distributor/api/internalapi" name="TestCancelJobHandler_PostJobsCancel/unexpected_error_causes_500" time="0.000000"></testcase>
		<testcase classname="github.com/circleci/distributor/api/internalapi" name="TestCancelJobHandler_PostJobsCancel/bad_content_type" time="0.000000"></testcase>
		<testcase classname="github.com/circleci/distributor/api/internalapi" name="TestCancelJobHandler_PostJobsCancel" time="0.020000"></testcase>
		<testcase classname="github.com/circleci/distributor/api/internalapi" name="TestAuthenticateJobHandler_Authenticate/bad_method" time="0.000000"></testcase>
		<testcase classname="github.com/circleci/distributor/api/internalapi" name="TestAuthenticateJobHandler_Authenticate/authorization_header_not_set" time="0.000000"></testcase>
		<testcase classname="github.com/circleci/distributor/api/internalapi" name="TestAuthenticateJobHandler_Authenticate/authorization_header_set_but_does_not_start_with_bearer" time="0.000000"></testcase>
		<testcase classname="github.com/circleci/distributor/api/internalapi" name="TestAuthenticateJobHandler_Authenticate/empty_bearer_token_header_field" time="0.000000"></testcase>
		<testcase classname="github.com/circleci/distributor/api/internalapi" name="TestAuthenticateJobHandler_Authenticate/internal_server_error_causes_500" time="0.000000"></testcase>
		<testcase classname="github.com/circleci/distributor/api/internalapi" name="TestAuthenticateJobHandler_Authenticate/nonexistent_job_causes_404" time="0.000000"></testcase>
		<testcase classname="github.com/circleci/distributor/api/internalapi" name="TestAuthenticateJobHandler_Authenticate/found_job_returns_200" time="0.000000"></testcase>
		<testcase classname="github.com/circleci/distributor/api/internalapi" name="TestAuthenticateJobHandler_Authenticate" time="0.010000"></testcase>
		<testcase classname="github.com/circleci/distributor/api/internalapi" name="TestStructTable" time="0.000000"></testcase>
	</testsuite>
	<testsuite tests="8" failures="0" time="0.000000" name="github.com/circleci/distributor/api/middleware">
		<properties>
			<property name="go.version" value="go1.16.6 linux/amd64"></property>
		</properties>
		<testcase classname="github.com/circleci/distributor/api/middleware" name="TestErrorWrap" time="0.000000"></testcase>
		<testcase classname="github.com/circleci/distributor/api/middleware" name="TestErrorRecover" time="0.000000"></testcase>
		<testcase classname="github.com/circleci/distributor/api/middleware" name="TestErrorNoCode" time="0.000000"></testcase>
		<testcase classname="github.com/circleci/distributor/api/middleware" name="TestErrorString" time="0.000000"></testcase>
		<testcase classname="github.com/circleci/distributor/api/middleware" name="TestErrorNil" time="0.000000"></testcase>
		<testcase classname="github.com/circleci/distributor/api/middleware" name="TestIsHTTPError" time="0.000000"></testcase>
		<testcase classname="github.com/circleci/distributor/api/middleware" name="TestHttpError_Is" time="0.000000"></testcase>
		<testcase classname="github.com/circleci/distributor/api/middleware" name="TestHTTPError_DifferentNotIs" time="0.000000"></testcase>
	</testsuite>
	<testsuite tests="19" failures="0" time="0.430000" name="github.com/circleci/distributor/api/release">
		<properties>
			<property name="go.version" value="go1.16.6 linux/amd64"></property>
		</properties>
		<testcase classname="github.com/circleci/distributor/api/release" name="TestRequirements_Validate/Valid_production_release" time="0.000000"></testcase>
		<testcase classname="github.com/circleci/distributor/api/release" name="TestRequirements_Validate/Valid_development_release" time="0.000000"></testcase>
		<testcase classname="github.com/circleci/distributor/api/release" name="TestRequirements_Validate/Valid_canary_release" time="0.000000"></testcase>
		<testcase classname="github.com/circleci/distributor/api/release" name="TestRequirements_Validate/Invalid_version_with_newline" time="0.000000"></testcase>
		<testcase classname="github.com/circleci/distributor/api/release" name="TestRequirements_Validate/Invalid_version_with_non-hex_digits" time="0.000000"></testcase>
		<testcase classname="github.com/circleci/distributor/api/release" name="TestRequirements_Validate/OS_missing" time="0.000000"></testcase>
		<testcase classname="github.com/circleci/distributor/api/release" name="TestRequirements_Validate/Arch_missing" time="0.000000"></testcase>
		<testcase classname="github.com/circleci/distributor/api/release" name="TestRequirements_Validate" time="0.000000"></testcase>
		<testcase classname="github.com/circleci/distributor/api/release" name="TestDownloader_Version/good_request" time="0.010000"></testcase>
		<testcase classname="github.com/circleci/distributor/api/release" name="TestDownloader_Version/forbidden_request" time="0.000000"></testcase>
		<testcase classname="github.com/circleci/distributor/api/release" name="TestDownloader_Version/error_request" time="0.080000"></testcase>
		<testcase classname="github.com/circleci/distributor/api/release" name="TestDownloader_Version/good_request_for_additional_release_type" time="0.010000"></testcase>
		<testcase classname="github.com/circleci/distributor/api/release" name="TestDownloader_Version" time="0.100000"></testcase>
		<testcase classname="github.com/circleci/distributor/api/release" name="TestDownloader_Resolve/Good_request_linux" time="0.020000"></testcase>
		<testcase classname="github.com/circleci/distributor/api/release" name="TestDownloader_Resolve/Good_request_windows" time="0.010000"></testcase>
		<testcase classname="github.com/circleci/distributor/api/release" name="TestDownloader_Resolve/Unknown_OS" time="0.050000"></testcase>
		<testcase classname="github.com/circleci/distributor/api/release" name="TestDownloader_Resolve/Unknown_arch" time="0.010000"></testcase>
		<testcase classname="github.com/circleci/distributor/api/release" name="TestDownloader_Resolve/Unknown_version" time="0.020000"></testcase>
		<testcase classname="github.com/circleci/distributor/api/release" name="TestDownloader_Resolve" time="0.120000"></testcase>
	</testsuite>
	<testsuite tests="11" failures="0" time="0.500000" name="github.com/circleci/distributor/assembly">
		<properties>
			<property name="go.version" value="go1.16.6 linux/amd64"></property>
		</properties>
		<testcase classname="github.com/circleci/distributor/assembly" name="TestConfig_Invalid" time="0.000000"></testcase>
		<testcase classname="github.com/circleci/distributor/assembly" name="TestTaskAssembler_TaskConfig/missing" time="0.010000"></testcase>
		<testcase classname="github.com/circleci/distributor/assembly" name="TestTaskAssembler_TaskConfig/good" time="0.020000"></testcase>
		<testcase classname="github.com/circleci/distributor/assembly" name="TestTaskAssembler_TaskConfig/circleci://_storageBase" time="0.010000"></testcase>
		<testcase classname="github.com/circleci/distributor/assembly" name="TestTaskAssembler_TaskConfig" time="0.460000"></testcase>
		<testcase classname="github.com/circleci/distributor/assembly" name="TestConfig_envVars/Context_environment_variables_win_over_project_environment_variables" time="0.000000"></testcase>
		<testcase classname="github.com/circleci/distributor/assembly" name="TestConfig_envVars/Empty_context_without_project_environment_variables" time="0.000000"></testcase>
		<testcase classname="github.com/circleci/distributor/assembly" name="TestConfig_envVars/Project_environment_variables_without_context_environment_variables" time="0.000000"></testcase>
		<testcase classname="github.com/circleci/distributor/assembly" name="TestConfig_envVars/Project_environment_variables_and_context_environment_variables_are_nil" time="0.000000"></testcase>
		<testcase classname="github.com/circleci/distributor/assembly" name="TestConfig_envVars/Continuation_key_is_only_added_if_present" time="0.000000"></testcase>
		<testcase classname="github.com/circleci/distributor/assembly" name="TestConfig_envVars" time="0.000000"></testcase>
	</testsuite>
	<testsuite tests="14" failures="0" time="0.030000" name="github.com/circleci/distributor/assembly/image">
		<properties>
			<property name="go.version" value="go1.16.6 linux/amd64"></property>
		</properties>
		<testcase classname="github.com/circleci/distributor/assembly/image" name="TestLinuxImage/docker-job" time="0.000000"></testcase>
		<testcase classname="github.com/circleci/distributor/assembly/image" name="TestLinuxImage/machine-with-image" time="0.000000"></testcase>
		<testcase classname="github.com/circleci/distributor/assembly/image" name="TestLinuxImage/macos" time="0.000000"></testcase>
		<testcase classname="github.com/circleci/distributor/assembly/image" name="TestLinuxImage/windows-orb" time="0.000000"></testcase>
		<testcase classname="github.com/circleci/distributor/assembly/image" name="TestLinuxImage/2.1-&gt;2.0" time="0.010000"></testcase>
		<testcase classname="github.com/circleci/distributor/assembly/image" name="TestLinuxImage/expanded-executor" time="0.000000"></testcase>
		<testcase classname="github.com/circleci/distributor/assembly/image" name="TestLinuxImage/machine-enabled" time="0.000000"></testcase>
		<testcase classname="github.com/circleci/distributor/assembly/image" name="TestLinuxImage/machine-true" time="0.000000"></testcase>
		<testcase classname="github.com/circleci/distributor/assembly/image" name="TestLinuxImage/machine-false" time="0.000000"></testcase>
		<testcase classname="github.com/circleci/distributor/assembly/image" name="TestLinuxImage/machine-integer" time="0.000000"></testcase>
		<testcase classname="github.com/circleci/distributor/assembly/image" name="TestLinuxImage/machine-array" time="0.000000"></testcase>
		<testcase classname="github.com/circleci/distributor/assembly/image" name="TestLinuxImage/machine-missing" time="0.000000"></testcase>
		<testcase classname="github.com/circleci/distributor/assembly/image" name="TestLinuxImage/windows-true" time="0.000000"></testcase>
		<testcase classname="github.com/circleci/distributor/assembly/image" name="TestLinuxImage" time="0.020000"></testcase>
	</testsuite>
	<testsuite tests="18" failures="0" time="0.020000" name="github.com/circleci/distributor/assembly/normalise">
		<properties>
			<property name="go.version" value="go1.16.6 linux/amd64"></property>
		</properties>
		<testcase classname="github.com/circleci/distributor/assembly/normalise" name="TestJob/Parsing_env_vars_obj" time="0.000000"></testcase>
		<testcase classname="github.com/circleci/distributor/assembly/normalise" name="TestJob/Parsing_env_vars_slice" time="0.000000"></testcase>
		<testcase classname="github.com/circleci/distributor/assembly/normalise" name="TestJob/Parsing_env_vars_slice_dup" time="0.000000"></testcase>
		<testcase classname="github.com/circleci/distributor/assembly/normalise" name="TestJob/Parsing_env_vars_slice_of_obj" time="0.000000"></testcase>
		<testcase classname="github.com/circleci/distributor/assembly/normalise" name="TestJob/Parsing_env_vars_slice_of_one_obj" time="0.000000"></testcase>
		<testcase classname="github.com/circleci/distributor/assembly/normalise" name="TestJob/Parsing_env_vars_slice_3=" time="0.000000"></testcase>
		<testcase classname="github.com/circleci/distributor/assembly/normalise" name="TestJob/Parsing_env_vars_slice_error_-_don&#39;t_normalise" time="0.000000"></testcase>
		<testcase classname="github.com/circleci/distributor/assembly/normalise" name="TestJob/Parsing_env_vars_int_error_-_don&#39;t_normalise" time="0.000000"></testcase>
		<testcase classname="github.com/circleci/distributor/assembly/normalise" name="TestJob/Parsing_step_string" time="0.000000"></testcase>
		<testcase classname="github.com/circleci/distributor/assembly/normalise" name="TestJob/Parsing_step_obj" time="0.000000"></testcase>
		<testcase classname="github.com/circleci/distributor/assembly/normalise" name="TestJob" time="0.010000"></testcase>
		<testcase classname="github.com/circleci/distributor/assembly/normalise" name="Test_NormaliseNil" time="0.000000"></testcase>
		<testcase classname="github.com/circleci/distributor/assembly/normalise" name="TestConfig_ResourceClass/happy_path_-_linux_resource_class_with_image_in_yaml" time="0.000000"></testcase>
		<testcase classname="github.com/circleci/distributor/assembly/normalise" name="TestConfig_ResourceClass/sad_path_-_macos_resource_class_with_image_in_yaml" time="0.000000"></testcase>
		<testcase classname="github.com/circleci/distributor/assembly/normalise" name="TestConfig_ResourceClass/sad_path_-_linux_resource_class_without_image_in_yaml" time="0.000000"></testcase>
		<testcase classname="github.com/circleci/distributor/assembly/normalise" name="TestConfig_ResourceClass/happy_path_-_linux_resource_class_with_image_in_differing_from_one_in_yaml" time="0.000000"></testcase>
		<testcase classname="github.com/circleci/distributor/assembly/normalise" name="TestConfig_ResourceClass/happy_path_-_linux_resource_class_with_image_and_without_one_in_yaml" time="0.000000"></testcase>
		<testcase classname="github.com/circleci/distributor/assembly/normalise" name="TestConfig_ResourceClass" time="0.010000"></testcase>
	</testsuite>
	<testsuite tests="6" failures="0" time="0.950000" name="github.com/circleci/distributor/buildqueue">
		<properties>
			<property name="go.version" value="go1.16.6 linux/amd64"></property>
		</properties>
		<testcase classname="github.com/circleci/distributor/buildqueue" name="TestSQLQueue/Forward" time="0.010000"></testcase>
		<testcase classname="github.com/circleci/distributor/buildqueue" name="TestSQLQueue/ForwardTwoDifferentJobsOkay" time="0.000000"></testcase>
		<testcase classname="github.com/circleci/distributor/buildqueue" name="TestSQLQueue/ForwardIsIdempotent" time="0.000000"></testcase>
		<testcase classname="github.com/circleci/distributor/buildqueue" name="TestSQLQueue" time="0.430000"></testcase>
		<testcase classname="github.com/circleci/distributor/buildqueue" name="TestSQLQueue_Forward_ErrorHandling" time="0.510000"></testcase>
		<testcase classname="github.com/circleci/distributor/buildqueue" name="TestSumContainers" time="0.000000"></testcase>
	</testsuite>
	<testsuite tests="9" failures="0" time="0.040000" name="github.com/circleci/distributor/circleapi">
		<properties>
			<property name="go.version" value="go1.16.6 linux/amd64"></property>
		</properties>
		<testcase classname="github.com/circleci/distributor/circleapi" name="TestClient_Config" time="0.010000"></testcase>
		<testcase classname="github.com/circleci/distributor/circleapi" name="TestClient_ExecutionFields/Successful_update" time="0.000000"></testcase>
		<testcase classname="github.com/circleci/distributor/circleapi" name="TestClient_ExecutionFields/404_Build_not_found" time="0.000000"></testcase>
		<testcase classname="github.com/circleci/distributor/circleapi" name="TestClient_ExecutionFields/401_Unauthorized_with_wrong_token" time="0.000000"></testcase>
		<testcase classname="github.com/circleci/distributor/circleapi" name="TestClient_ExecutionFields" time="0.010000"></testcase>
		<testcase classname="github.com/circleci/distributor/circleapi" name="TestClient_MarkUsageQueued/Successfully_marked_for_usage_queue" time="0.000000"></testcase>
		<testcase classname="github.com/circleci/distributor/circleapi" name="TestClient_MarkUsageQueued/404_Build_not_found" time="0.000000"></testcase>
		<testcase classname="github.com/circleci/distributor/circleapi" name="TestClient_MarkUsageQueued" time="0.010000"></testcase>
		<testcase classname="github.com/circleci/distributor/circleapi" name="TestClient_Containers" time="0.010000"></testcase>
	</testsuite>
	<testsuite tests="0" failures="0" time="0.000000" name="github.com/circleci/distributor/client">
		<properties>
			<property name="go.version" value="go1.16.6 linux/amd64"></property>
		</properties>
	</testsuite>
	<testsuite tests="1" failures="0" time="0.000000" name="github.com/circleci/distributor/cmd">
		<properties>
			<property name="go.version" value="go1.16.6 linux/amd64"></property>
		</properties>
		<testcase classname="github.com/circleci/distributor/cmd" name="TestRunProd_BadMode" time="0.000000"></testcase>
	</testsuite>
	<testsuite tests="0" failures="0" time="0.000000" name="github.com/circleci/distributor/cmd/dispatcher">
		<properties>
			<property name="go.version" value="go1.16.6 linux/amd64"></property>
		</properties>
	</testsuite>
	<testsuite tests="2" failures="0" time="0.060000" name="github.com/circleci/distributor/cmd/externalapi">
		<properties>
			<property name="go.version" value="go1.16.6 linux/amd64"></property>
		</properties>
		<testcase classname="github.com/circleci/distributor/cmd/externalapi" name="TestRun_NoCircleAPI" time="0.060000"></testcase>
		<testcase classname="github.com/circleci/distributor/cmd/externalapi" name="TestRun_NoHoneycomb" time="0.000000"></testcase>
	</testsuite>
	<testsuite tests="0" failures="0" time="0.000000" name="github.com/circleci/distributor/cmd/internalapi">
		<properties>
			<property name="go.version" value="go1.16.6 linux/amd64"></property>
		</properties>
	</testsuite>
	<testsuite tests="0" failures="0" time="0.000000" name="github.com/circleci/distributor/cmd/setup">
		<properties>
			<property name="go.version" value="go1.16.6 linux/amd64"></property>
		</properties>
	</testsuite>
	<testsuite tests="13" failures="0" time="0.000000" name="github.com/circleci/distributor/config">
		<properties>
			<property name="go.version" value="go1.16.6 linux/amd64"></property>
		</properties>
		<testcase classname="github.com/circleci/distributor/config" name="TestShared_LoadShared" time="0.000000"></testcase>
		<testcase classname="github.com/circleci/distributor/config" name="Test_Validate/Valid_env_and_mode" time="0.000000"></testcase>
		<testcase classname="github.com/circleci/distributor/config" name="Test_Validate/Blank_env_is_valid" time="0.000000"></testcase>
		<testcase classname="github.com/circleci/distributor/config" name="Test_Validate/Invalid_env" time="0.000000"></testcase>
		<testcase classname="github.com/circleci/distributor/config" name="Test_Validate/Must_have_one_mode_in_production" time="0.000000"></testcase>
		<testcase classname="github.com/circleci/distributor/config" name="Test_Validate/Multiple_modes_allowed_in_development" time="0.000000"></testcase>
		<testcase classname="github.com/circleci/distributor/config" name="Test_Validate/Invalid_mode" time="0.000000"></testcase>
		<testcase classname="github.com/circleci/distributor/config" name="Test_Validate/No_modes_is_valid" time="0.000000"></testcase>
		<testcase classname="github.com/circleci/distributor/config" name="Test_Validate" time="0.000000"></testcase>
		<testcase classname="github.com/circleci/distributor/config" name="Test_HasMode/Defaults_to_all_modes" time="0.000000"></testcase>
		<testcase classname="github.com/circleci/distributor/config" name="Test_HasMode/Mode_in_list" time="0.000000"></testcase>
		<testcase classname="github.com/circleci/distributor/config" name="Test_HasMode/Mode_not_in_list" time="0.000000"></testcase>
		<testcase classname="github.com/circleci/distributor/config" name="Test_HasMode" time="0.000000"></testcase>
	</testsuite>
	<testsuite tests="3" failures="0" time="0.010000" name="github.com/circleci/distributor/contexts">
		<properties>
			<property name="go.version" value="go1.16.6 linux/amd64"></property>
		</properties>
		<testcase classname="github.com/circleci/distributor/contexts" name="TestClient_GetContext/empty_return" time="0.000000"></testcase>
		<testcase classname="github.com/circleci/distributor/contexts" name="TestClient_GetContext/two_context_vars_return" time="0.000000"></testcase>
		<testcase classname="github.com/circleci/distributor/contexts" name="TestClient_GetContext" time="0.010000"></testcase>
	</testsuite>
	<testsuite tests="0" failures="0" time="0.000000" name="github.com/circleci/distributor/contexts/protocol">
		<properties>
			<property name="go.version" value="go1.16.6 linux/amd64"></property>
		</properties>
	</testsuite>
	<testsuite tests="74" failures="0" time="20.519000" name="github.com/circleci/distributor/distribution">
		<properties>
			<property name="go.version" value="go1.16.6 linux/amd64"></property>
		</properties>
		<testcase classname="github.com/circleci/distributor/distribution" name="TestChooseForDispatch" time="0.020000"></testcase>
		<testcase classname="github.com/circleci/distributor/distribution" name="TestChooseForDispatch_CircleAPIFail" time="0.030000"></testcase>
		<testcase classname="github.com/circleci/distributor/distribution" name="TestCanForwardJobCountsUpdated/nonMac" time="0.000000"></testcase>
		<testcase classname="github.com/circleci/distributor/distribution" name="TestCanForwardJobCountsUpdated/mac" time="0.000000"></testcase>
		<testcase classname="github.com/circleci/distributor/distribution" name="TestCanForwardJobCountsUpdated" time="0.000000"></testcase>
		<testcase classname="github.com/circleci/distributor/distribution" name="TestCanChooseMultipleClasses" time="0.000000"></testcase>
		<testcase classname="github.com/circleci/distributor/distribution" name="TestCanForwardJobCounts/numbers-0" time="0.000000"></testcase>
		<testcase classname="github.com/circleci/distributor/distribution" name="TestCanForwardJobCounts/numbers-1" time="0.000000"></testcase>
		<testcase classname="github.com/circleci/distributor/distribution" name="TestCanForwardJobCounts/numbers-2" time="0.000000"></testcase>
		<testcase classname="github.com/circleci/distributor/distribution" name="TestCanForwardJobCounts/numbers-3" time="0.000000"></testcase>
		<testcase classname="github.com/circleci/distributor/distribution" name="TestCanForwardJobCounts/numbers-4" time="0.000000"></testcase>
		<testcase classname="github.com/circleci/distributor/distribution" name="TestCanForwardJobCounts/numbers-5" time="0.000000"></testcase>
		<testcase classname="github.com/circleci/distributor/distribution" name="TestCanForwardJobCounts/numbers-6" time="0.000000"></testcase>
		<testcase classname="github.com/circleci/distributor/distribution" name="TestCanForwardJobCounts/numbers-7" time="0.000000"></testcase>
		<testcase classname="github.com/circleci/distributor/distribution" name="TestCanForwardJobCounts" time="0.000000"></testcase>
		<testcase classname="github.com/circleci/distributor/distribution" name="TestMacAndNonMacBlockOthers" time="0.030000"></testcase>
		<testcase classname="github.com/circleci/distributor/distribution" name="TestDispatchJobsError" time="0.000000"></testcase>
		<testcase classname="github.com/circleci/distributor/distribution" name="TestDispatchFailsOnUnknownJob" time="0.390000"></testcase>
		<testcase classname="github.com/circleci/distributor/distribution" name="TestDispatch_Sharing" time="2.009000"></testcase>
		<testcase classname="github.com/circleci/distributor/distribution" name="TestDispatch_LargeBatches_Not_throttled" time="2.120000"></testcase>
		<testcase classname="github.com/circleci/distributor/distribution" name="TestDispatch_BlockedSubmitIsNoticed" time="0.300000"></testcase>
		<testcase classname="github.com/circleci/distributor/distribution" name="TestDispatch_JobCancelled" time="0.260000"></testcase>
		<testcase classname="github.com/circleci/distributor/distribution" name="TestDispatch_LargeJobLists" time="7.950000"></testcase>
		<testcase classname="github.com/circleci/distributor/distribution" name="TestDispatch_DispatchJobsForKey" time="0.350000"></testcase>
		<testcase classname="github.com/circleci/distributor/distribution" name="TestDispatch_DifferentJobClasses" time="0.350000"></testcase>
		<testcase classname="github.com/circleci/distributor/distribution" name="TestGauges" time="4.870000"></testcase>
		<testcase classname="github.com/circleci/distributor/distribution" name="TestJob_Validate/valid" time="0.000000"></testcase>
		<testcase classname="github.com/circleci/distributor/distribution" name="TestJob_Validate/missing_external_id" time="0.000000"></testcase>
		<testcase classname="github.com/circleci/distributor/distribution" name="TestJob_Validate/external_id_all_spaces" time="0.000000"></testcase>
		<testcase classname="github.com/circleci/distributor/distribution" name="TestJob_Validate/short_external_id" time="0.000000"></testcase>
		<testcase classname="github.com/circleci/distributor/distribution" name="TestJob_Validate/zero_parallelism" time="0.000000"></testcase>
		<testcase classname="github.com/circleci/distributor/distribution" name="TestJob_Validate/missing_resource_class" time="0.000000"></testcase>
		<testcase classname="github.com/circleci/distributor/distribution" name="TestJob_Validate/missing_distribution_key" time="0.000000"></testcase>
		<testcase classname="github.com/circleci/distributor/distribution" name="TestJob_Validate/distribution_key_all_spaces" time="0.000000"></testcase>
		<testcase classname="github.com/circleci/distributor/distribution" name="TestJob_Validate/long_distribution_key" time="0.000000"></testcase>
		<testcase classname="github.com/circleci/distributor/distribution" name="TestJob_Validate/missing_build_token" time="0.000000"></testcase>
		<testcase classname="github.com/circleci/distributor/distribution" name="TestJob_Validate/build_token_wrong_length" time="0.000000"></testcase>
		<testcase classname="github.com/circleci/distributor/distribution" name="TestJob_Validate/expected_build_token_length" time="0.000000"></testcase>
		<testcase classname="github.com/circleci/distributor/distribution" name="TestJob_Validate/internal_jobs_need_a_build_token" time="0.000000"></testcase>
		<testcase classname="github.com/circleci/distributor/distribution" name="TestJob_Validate/storage_prefix_is_required" time="0.000000"></testcase>
		<testcase classname="github.com/circleci/distributor/distribution" name="TestJob_Validate/org-analytics-id_is_required" time="0.000000"></testcase>
		<testcase classname="github.com/circleci/distributor/distribution" name="TestJob_Validate/project-analytics-id_is_required" time="0.000000"></testcase>
		<testcase classname="github.com/circleci/distributor/distribution" name="TestJob_Validate" time="0.000000"></testcase>
		<testcase classname="github.com/circleci/distributor/distribution" name="TestJob_Validate_BuildAgentVersion/allowed_project_and_valid_version" time="0.000000"></testcase>
		<testcase classname="github.com/circleci/distributor/distribution" name="TestJob_Validate_BuildAgentVersion/other_allowed_project_and_valid_version" time="0.000000"></testcase>
[...]
		<testcase classname="github.com/circleci/distributor/resource" name="TestParseNamespace/invalid_empty" time="0.000000"></testcase>
		<testcase classname="github.com/circleci/distributor/resource" name="TestParseNamespace/invalid_namespace" time="0.000000"></testcase>
		<testcase classname="github.com/circleci/distributor/resource" name="TestParseNamespace" time="0.000000"></testcase>
		<testcase classname="github.com/circleci/distributor/resource" name="TestMustParseNamespace/valid_runner" time="0.000000"></testcase>
		<testcase classname="github.com/circleci/distributor/resource" name="TestMustParseNamespace/invalid_has_executor" time="0.000000"></testcase>
		<testcase classname="github.com/circleci/distributor/resource" name="TestMustParseNamespace/invalid_has_class" time="0.000000"></testcase>
		<testcase classname="github.com/circleci/distributor/resource" name="TestMustParseNamespace/invalid_empty" time="0.000000"></testcase>
		<testcase classname="github.com/circleci/distributor/resource" name="TestMustParseNamespace/invalid_namespace" time="0.000000"></testcase>
		<testcase classname="github.com/circleci/distributor/resource" name="TestMustParseNamespace" time="0.000000"></testcase>
		<testcase classname="github.com/circleci/distributor/resource" name="TestNamespace_String/Good" time="0.000000"></testcase>
		<testcase classname="github.com/circleci/distributor/resource" name="TestNamespace_String/Only_exec" time="0.000000"></testcase>
		<testcase classname="github.com/circleci/distributor/resource" name="TestNamespace_String" time="0.000000"></testcase>
		<testcase classname="github.com/circleci/distributor/resource" name="TestNamespace_JSON/Non_Pointer" time="0.000000"></testcase>
		<testcase classname="github.com/circleci/distributor/resource" name="TestNamespace_JSON/Pointer" time="0.000000"></testcase>
		<testcase classname="github.com/circleci/distributor/resource" name="TestNamespace_JSON/Map_interface" time="0.000000"></testcase>
		<testcase classname="github.com/circleci/distributor/resource" name="TestNamespace_JSON/Marshal_invalid_Namespace" time="0.000000"></testcase>
		<testcase classname="github.com/circleci/distributor/resource" name="TestNamespace_JSON" time="0.000000"></testcase>
		<testcase classname="github.com/circleci/distributor/resource" name="TestNamespace_Name" time="0.000000"></testcase>
	</testsuite>
	<testsuite tests="74" failures="0" time="7.330000" name="github.com/circleci/distributor/resourceclass">
		<properties>
			<property name="go.version" value="go1.16.6 linux/amd64"></property>
		</properties>
		<testcase classname="github.com/circleci/distributor/resourceclass" name="TestQueryToken/new_token" time="0.000000"></testcase>
		<testcase classname="github.com/circleci/distributor/resourceclass" name="TestQueryToken/add_duplicate_token" time="0.000000"></testcase>
		<testcase classname="github.com/circleci/distributor/resourceclass" name="TestQueryToken/list_token" time="0.000000"></testcase>
		<testcase classname="github.com/circleci/distributor/resourceclass" name="TestQueryToken/remove_token" time="0.030000"></testcase>
		<testcase classname="github.com/circleci/distributor/resourceclass" name="TestQueryToken/remove_non_existing_token" time="0.000000"></testcase>
		<testcase classname="github.com/circleci/distributor/resourceclass" name="TestQueryToken" time="0.410000"></testcase>
		<testcase classname="github.com/circleci/distributor/resourceclass" name="TestQueryResourceClass/Add_resource_class" time="0.000000"></testcase>
		<testcase classname="github.com/circleci/distributor/resourceclass" name="TestQueryResourceClass/Add_duplicate_resource_class" time="0.000000"></testcase>
		<testcase classname="github.com/circleci/distributor/resourceclass" name="TestQueryResourceClass/get_resource_class/by_resource_class_id" time="0.000000"></testcase>
		<testcase classname="github.com/circleci/distributor/resourceclass" name="TestQueryResourceClass/get_resource_class/by_internal_id" time="0.000000"></testcase>
		<testcase classname="github.com/circleci/distributor/resourceclass" name="TestQueryResourceClass/get_resource_class/by_namespace/with_underscore" time="0.000000"></testcase>
		<testcase classname="github.com/circleci/distributor/resourceclass" name="TestQueryResourceClass/get_resource_class/by_namespace/with_percent" time="0.000000"></testcase>
		<testcase classname="github.com/circleci/distributor/resourceclass" name="TestQueryResourceClass/get_resource_class/by_namespace" time="0.000000"></testcase>
		<testcase classname="github.com/circleci/distributor/resourceclass" name="TestQueryResourceClass/get_resource_class" time="0.010000"></testcase>
		<testcase classname="github.com/circleci/distributor/resourceclass" name="TestQueryResourceClass/list_resource_class" time="0.000000"></testcase>
		<testcase classname="github.com/circleci/distributor/resourceclass" name="TestQueryResourceClass" time="0.380000"></testcase>
		<testcase classname="github.com/circleci/distributor/resourceclass" name="TestQueryResourceClassIDByTokenID/token_and_resource_class_exist" time="0.010000"></testcase>
		<testcase classname="github.com/circleci/distributor/resourceclass" name="TestQueryResourceClassIDByTokenID/token_does_not_exist" time="0.000000"></testcase>
		<testcase classname="github.com/circleci/distributor/resourceclass" name="TestQueryResourceClassIDByTokenID" time="0.360000"></testcase>
		<testcase classname="github.com/circleci/distributor/resourceclass" name="TestQueryResourceClassByID/resource_class_does_not_exist" time="0.000000"></testcase>
		<testcase classname="github.com/circleci/distributor/resourceclass" name="TestQueryResourceClassByID" time="0.450000"></testcase>
		<testcase classname="github.com/circleci/distributor/resourceclass" name="TestQueryTokensByResourceClassID_NotFound/resource_class_id_does_not_exist" time="0.000000"></testcase>
		<testcase classname="github.com/circleci/distributor/resourceclass" name="TestQueryTokensByResourceClassID_NotFound" time="0.460000"></testcase>
		<testcase classname="github.com/circleci/distributor/resourceclass" name="TestStore_CreateToken/success" time="0.000000"></testcase>
		<testcase classname="github.com/circleci/distributor/resourceclass" name="TestStore_CreateToken/rc_id_not_found" time="0.000000"></testcase>
		<testcase classname="github.com/circleci/distributor/resourceclass" name="TestStore_CreateToken" time="0.360000"></testcase>
		<testcase classname="github.com/circleci/distributor/resourceclass" name="TestStore_DeleteToken/good" time="0.010000"></testcase>
		<testcase classname="github.com/circleci/distributor/resourceclass" name="TestStore_DeleteToken/token_not_found" time="0.000000"></testcase>
		<testcase classname="github.com/circleci/distributor/resourceclass" name="TestStore_DeleteToken" time="0.250000"></testcase>
		<testcase classname="github.com/circleci/distributor/resourceclass" name="TestStore_ResourceClass/Authorized/First_resourceClass_first_token" time="0.000000"></testcase>
		<testcase classname="github.com/circleci/distributor/resourceclass" name="TestStore_ResourceClass/Authorized/First_resourceClass_second_token" time="0.000000"></testcase>
		<testcase classname="github.com/circleci/distributor/resourceclass" name="TestStore_ResourceClass/Authorized/Second_resourceClass_just_one_token" time="0.000000"></testcase>
		<testcase classname="github.com/circleci/distributor/resourceclass" name="TestStore_ResourceClass/Authorized/Robot_resourceClass" time="0.000000"></testcase>
		<testcase classname="github.com/circleci/distributor/resourceclass" name="TestStore_ResourceClass/Authorized/Doll_resourceClass_first_token" time="0.020000"></testcase>
		<testcase classname="github.com/circleci/distributor/resourceclass" name="TestStore_ResourceClass/Authorized/Doll_resourceClass_second_token" time="0.000000"></testcase>
		<testcase classname="github.com/circleci/distributor/resourceclass" name="TestStore_ResourceClass/Authorized" time="0.030000"></testcase>
		<testcase classname="github.com/circleci/distributor/resourceclass" name="TestStore_ResourceClass/Unauthorized/Unknown_token" time="0.000000"></testcase>
		<testcase classname="github.com/circleci/distributor/resourceclass" name="TestStore_ResourceClass/Unauthorized/Empty_token" time="0.000000"></testcase>
		<testcase classname="github.com/circleci/distributor/resourceclass" name="TestStore_ResourceClass/Unauthorized" time="0.000000"></testcase>
		<testcase classname="github.com/circleci/distributor/resourceclass" name="TestStore_ResourceClass" time="0.440000"></testcase>
		<testcase classname="github.com/circleci/distributor/resourceclass" name="TestStore_OrgForResourceClass/Authorized/First_resourceClass_first_token" time="0.000000"></testcase>
		<testcase classname="github.com/circleci/distributor/resourceclass" name="TestStore_OrgForResourceClass/Authorized" time="0.000000"></testcase>
		<testcase classname="github.com/circleci/distributor/resourceclass" name="TestStore_OrgForResourceClass/Unauthorized/Unknown_resource_class" time="0.000000"></testcase>
		<testcase classname="github.com/circleci/distributor/resourceclass" name="TestStore_OrgForResourceClass/Unauthorized" time="0.000000"></testcase>
		<testcase classname="github.com/circleci/distributor/resourceclass" name="TestStore_OrgForResourceClass" time="0.250000"></testcase>
		<testcase classname="github.com/circleci/distributor/resourceclass" name="TestStore_OrgForNamespace/Authorized/Normal" time="0.000000"></testcase>
		<testcase classname="github.com/circleci/distributor/resourceclass" name="TestStore_OrgForNamespace/Authorized/With_Underscore" time="0.000000"></testcase>
		<testcase classname="github.com/circleci/distributor/resourceclass" name="TestStore_OrgForNamespace/Authorized" time="0.010000"></testcase>
		<testcase classname="github.com/circleci/distributor/resourceclass" name="TestStore_OrgForNamespace/Unauthorized/Unknown_namespace" time="0.000000"></testcase>
		<testcase classname="github.com/circleci/distributor/resourceclass" name="TestStore_OrgForNamespace/Unauthorized" time="0.000000"></testcase>
		<testcase classname="github.com/circleci/distributor/resourceclass" name="TestStore_OrgForNamespace/Empty_namespace" time="0.000000"></testcase>
		<testcase classname="github.com/circleci/distributor/resourceclass" name="TestStore_OrgForNamespace" time="0.270000"></testcase>
		<testcase classname="github.com/circleci/distributor/resourceclass" name="TestStore_ListResourceClasses/success" time="0.000000"></testcase>
		<testcase classname="github.com/circleci/distributor/resourceclass" name="TestStore_ListResourceClasses/org_not_found" time="0.000000"></testcase>
		<testcase classname="github.com/circleci/distributor/resourceclass" name="TestStore_ListResourceClasses" time="0.400000"></testcase>
		<testcase classname="github.com/circleci/distributor/resourceclass" name="TestStore_ResourceClassIDFromToken/Good_token" time="0.010000"></testcase>
		<testcase classname="github.com/circleci/distributor/resourceclass" name="TestStore_ResourceClassIDFromToken/Bad_token" time="0.000000"></testcase>
		<testcase classname="github.com/circleci/distributor/resourceclass" name="TestStore_ResourceClassIDFromToken" time="0.340000"></testcase>
		<testcase classname="github.com/circleci/distributor/resourceclass" name="TestStore_ListTokens/success" time="0.020000"></testcase>
		<testcase classname="github.com/circleci/distributor/resourceclass" name="TestStore_ListTokens/rcid_not_found" time="0.000000"></testcase>
		<testcase classname="github.com/circleci/distributor/resourceclass" name="TestStore_ListTokens" time="0.370000"></testcase>
		<testcase classname="github.com/circleci/distributor/resourceclass" name="TestStore_ResourceClassIDForTokenID/Token_exists" time="0.010000"></testcase>
		<testcase classname="github.com/circleci/distributor/resourceclass" name="TestStore_ResourceClassIDForTokenID/Token_does_not_exist" time="0.000000"></testcase>
		<testcase classname="github.com/circleci/distributor/resourceclass" name="TestStore_ResourceClassIDForTokenID" time="0.340000"></testcase>
		<testcase classname="github.com/circleci/distributor/resourceclass" name="TestStore_GetResourceClass/Resource_class_exists" time="0.000000"></testcase>
		<testcase classname="github.com/circleci/distributor/resourceclass" name="TestStore_GetResourceClass/Resource_class_does_not_exist" time="0.000000"></testcase>
		<testcase classname="github.com/circleci/distributor/resourceclass" name="TestStore_GetResourceClass" time="0.340000"></testcase>
		<testcase classname="github.com/circleci/distributor/resourceclass" name="TestStore_Limits/max_resource_classes" time="0.500000"></testcase>
		<testcase classname="github.com/circleci/distributor/resourceclass" name="TestStore_Limits/max_tokens" time="0.030000"></testcase>
		<testcase classname="github.com/circleci/distributor/resourceclass" name="TestStore_Limits" time="0.870000"></testcase>
		<testcase classname="github.com/circleci/distributor/resourceclass" name="TestStore_DeleteResourceClass/good_delete" time="0.000000"></testcase>
		<testcase classname="github.com/circleci/distributor/resourceclass" name="TestStore_DeleteResourceClass" time="0.350000"></testcase>
		<testcase classname="github.com/circleci/distributor/resourceclass" name="TestHadNoEffect" time="0.000000"></testcase>
		<testcase classname="github.com/circleci/distributor/resourceclass" name="TestTokenAndHash" time="0.000000"></testcase>
	</testsuite>
	<testsuite tests="19" failures="0" time="2.520000" name="github.com/circleci/distributor/runner">
		<properties>
			<property name="go.version" value="go1.16.6 linux/amd64"></property>
		</properties>
		<testcase classname="github.com/circleci/distributor/runner" name="TestRunners/Add_and_update_a_runner" time="0.010000"></testcase>
		<testcase classname="github.com/circleci/distributor/runner" name="TestRunners/Runner_without_name_won&#39;t_be_created" time="0.000000"></testcase>
		<testcase classname="github.com/circleci/distributor/runner" name="TestRunners/Runner_without_resource_class_won&#39;t_be_created" time="0.000000"></testcase>
		<testcase classname="github.com/circleci/distributor/runner" name="TestRunners" time="0.400000"></testcase>
		<testcase classname="github.com/circleci/distributor/runner" name="TestNilRunners" time="0.000000"></testcase>
		<testcase classname="github.com/circleci/distributor/runner" name="TestRunners_FindByResourceClass_NotFound/valid" time="0.000000"></testcase>
		<testcase classname="github.com/circleci/distributor/runner" name="TestRunners_FindByResourceClass_NotFound/valid_with_hyphens" time="0.000000"></testcase>
		<testcase classname="github.com/circleci/distributor/runner" name="TestRunners_FindByResourceClass_NotFound" time="0.370000"></testcase>
		<testcase classname="github.com/circleci/distributor/runner" name="TestRunners_FindByNamespace_NotFound/valid" time="0.000000"></testcase>
		<testcase classname="github.com/circleci/distributor/runner" name="TestRunners_FindByNamespace_NotFound/valid_with_hyphens" time="0.000000"></testcase>
		<testcase classname="github.com/circleci/distributor/runner" name="TestRunners_FindByNamespace_NotFound" time="0.270000"></testcase>
		<testcase classname="github.com/circleci/distributor/runner" name="TestQueryRunner_CreateOrUpdate/Multiple_runners_in_difference_namespaces" time="0.010000"></testcase>
		<testcase classname="github.com/circleci/distributor/runner" name="TestQueryRunner_CreateOrUpdate" time="0.360000"></testcase>
		<testcase classname="github.com/circleci/distributor/runner" name="TestQueryRunner_RecordUsed" time="0.370000"></testcase>
		<testcase classname="github.com/circleci/distributor/runner" name="TestQueryRunner_CreateOrUpdate_Update_runner" time="0.360000"></testcase>
		<testcase classname="github.com/circleci/distributor/runner" name="TestQueryRunner_FindByResourceClass/Can_find_by_resource_class" time="0.000000"></testcase>
		<testcase classname="github.com/circleci/distributor/runner" name="TestQueryRunner_FindByResourceClass/Can&#39;t_find_unknown_resource_class" time="0.000000"></testcase>
		<testcase classname="github.com/circleci/distributor/runner" name="TestQueryRunner_FindByResourceClass/Runners_in_namespace" time="0.000000"></testcase>
		<testcase classname="github.com/circleci/distributor/runner" name="TestQueryRunner_FindByResourceClass" time="0.370000"></testcase>
	</testsuite>
	<testsuite tests="0" failures="0" time="0.000000" name="github.com/circleci/distributor/scripts/claimtask">
		<properties>
			<property name="go.version" value="go1.16.6 linux/amd64"></property>
		</properties>
	</testsuite>
	<testsuite tests="0" failures="0" time="0.000000" name="github.com/circleci/distributor/scripts/populatejobs">
		<properties>
			<property name="go.version" value="go1.16.6 linux/amd64"></property>
		</properties>
	</testsuite>
	<testsuite tests="0" failures="0" time="0.000000" name="github.com/circleci/distributor/storage">
		<properties>
			<property name="go.version" value="go1.16.6 linux/amd64"></property>
		</properties>
	</testsuite>
	<testsuite tests="1" failures="0" time="0.010000" name="github.com/circleci/distributor/taskevent">
		<properties>
			<property name="go.version" value="go1.16.6 linux/amd64"></property>
		</properties>
		<testcase classname="github.com/circleci/distributor/taskevent" name="TestForwardEvents" time="0.010000"></testcase>
	</testsuite>
	<testsuite tests="16" failures="0" time="0.060000" name="github.com/circleci/distributor/taskstorage">
		<properties>
			<property name="go.version" value="go1.16.6 linux/amd64"></property>
		</properties>
		<testcase classname="github.com/circleci/distributor/taskstorage" name="TestTaskStorage_PreSigned/artifacts" time="0.010000"></testcase>
		<testcase classname="github.com/circleci/distributor/taskstorage" name="TestTaskStorage_PreSigned/test-results" time="0.000000"></testcase>
		<testcase classname="github.com/circleci/distributor/taskstorage" name="TestTaskStorage_PreSigned/cache-save/good" time="0.000000"></testcase>
		<testcase classname="github.com/circleci/distributor/taskstorage" name="TestTaskStorage_PreSigned/cache-save/conflict" time="0.000000"></testcase>
		<testcase classname="github.com/circleci/distributor/taskstorage" name="TestTaskStorage_PreSigned/cache-save" time="0.010000"></testcase>
		<testcase classname="github.com/circleci/distributor/taskstorage" name="TestTaskStorage_PreSigned/cache-restore" time="0.000000"></testcase>
		<testcase classname="github.com/circleci/distributor/taskstorage" name="TestTaskStorage_PreSigned/workspace-upload" time="0.000000"></testcase>
		<testcase classname="github.com/circleci/distributor/taskstorage" name="TestTaskStorage_PreSigned/workspace-download" time="0.000000"></testcase>
		<testcase classname="github.com/circleci/distributor/taskstorage" name="TestTaskStorage_PreSigned" time="0.040000"></testcase>
		<testcase classname="github.com/circleci/distributor/taskstorage" name="TestMapGRPCError/nil-custom-error" time="0.000000"></testcase>
		<testcase classname="github.com/circleci/distributor/taskstorage" name="TestMapGRPCError/nil" time="0.000000"></testcase>
		<testcase classname="github.com/circleci/distributor/taskstorage" name="TestMapGRPCError/string-error" time="0.000000"></testcase>
		<testcase classname="github.com/circleci/distributor/taskstorage" name="TestMapGRPCError/unauthenticated" time="0.000000"></testcase>
		<testcase classname="github.com/circleci/distributor/taskstorage" name="TestMapGRPCError/exists" time="0.000000"></testcase>
		<testcase classname="github.com/circleci/distributor/taskstorage" name="TestMapGRPCError/not-found" time="0.000000"></testcase>
		<testcase classname="github.com/circleci/distributor/taskstorage" name="TestMapGRPCError" time="0.000000"></testcase>
	</testsuite>
</testsuites>